debug:record//{"EventData":{"LogonType":2,"TargetDomainName":"IE8Win7","TargetLogonId":"0x15f53a","TargetUserName":"IEUser","TargetUserSid":"S-1-5-21-3463664321-2923530833-3546627382-1000"},"System":{"Channel":"Security","Computer":"IE8Win7","Correlation":null,"EventID":4634,"EventRecordID":3361,"Execution_attributes":{"ProcessID":524,"ThreadID":348},"Keywords":"0x8020000000000000","Level":0,"Opcode":0,"Provider_attributes":{"Guid":"54849625-5478-4994-A5BA-3E3B0328C30D","Name":"Microsoft-Windows-Security-Auditing"},"Security":null,"Task":12545,"TimeCreated_attributes":{"SystemTime":"2013-10-23T21:53:46.669500Z"},"Version":0}}
debug:record//{"LogonType":2,"TargetDomainName":"IE8Win7","TargetLogonId":"0x15f53a","TargetUserName":"IEUser","TargetUserSid":"S-1-5-21-3463664321-2923530833-3546627382-1000"}
debug:record//"0x15f53a"
debug:record//{"EventData":{"TargetDomainName":"IE8Win7","TargetLogonId":"0x2b18a","TargetUserName":"IEUser","TargetUserSid":"S-1-5-21-3463664321-2923530833-3546627382-1000"},"System":{"Channel":"Security","Computer":"IE8Win7","Correlation":null,"EventID":4647,"EventRecordID":3307,"Execution_attributes":{"ProcessID":532,"ThreadID":2372},"Keywords":"0x8020000000000000","Level":0,"Opcode":0,"Provider_attributes":{"Guid":"54849625-5478-4994-A5BA-3E3B0328C30D","Name":"Microsoft-Windows-Security-Auditing"},"Security":null,"Task":12545,"TimeCreated_attributes":{"SystemTime":"2013-10-23T21:05:37.180875Z"},"Version":0}}
debug:record//{"TargetDomainName":"IE8Win7","TargetLogonId":"0x2b18a","TargetUserName":"IEUser","TargetUserSid":"S-1-5-21-3463664321-2923530833-3546627382-1000"}
debug:record//"IEUser"
debug:record//{"EventData":{"TargetDomainName":"IE8Win7","TargetLogonId":"0x2b18a","TargetUserName":"IEUser","TargetUserSid":"S-1-5-21-3463664321-2923530833-3546627382-1000"},"System":{"Channel":"Security","Computer":"IE8Win7","Correlation":null,"EventID":4647,"EventRecordID":3307,"Execution_attributes":{"ProcessID":532,"ThreadID":2372},"Keywords":"0x8020000000000000","Level":0,"Opcode":0,"Provider_attributes":{"Guid":"54849625-5478-4994-A5BA-3E3B0328C30D","Name":"Microsoft-Windows-Security-Auditing"},"Security":null,"Task":12545,"TimeCreated_attributes":{"SystemTime":"2013-10-23T21:05:37.180875Z"},"Version":0}}
debug:record//{"TargetDomainName":"IE8Win7","TargetLogonId":"0x2b18a","TargetUserName":"IEUser","TargetUserSid":"S-1-5-21-3463664321-2923530833-3546627382-1000"}
debug:record//"0x2b18a"
debug:record//{"EventData":{"LogonType":2,"TargetDomainName":"IE8Win7","TargetLogonId":"0xdafc","TargetUserName":"IEUser","TargetUserSid":"S-1-5-21-3463664321-2923530833-3546627382-1000"},"System":{"Channel":"Security","Computer":"IE8Win7","Correlation":null,"EventID":4634,"EventRecordID":3399,"Execution_attributes":{"ProcessID":496,"ThreadID":2228},"Keywords":"0x8020000000000000","Level":0,"Opcode":0,"Provider_attributes":{"Guid":"54849625-5478-4994-A5BA-3E3B0328C30D","Name":"Microsoft-Windows-Security-Auditing"},"Security":null,"Task":12545,"TimeCreated_attributes":{"SystemTime":"2013-10-23T22:00:55.903125Z"},"Version":0}}
debug:record//{"LogonType":2,"TargetDomainName":"IE8Win7","TargetLogonId":"0xdafc","TargetUserName":"IEUser","TargetUserSid":"S-1-5-21-3463664321-2923530833-3546627382-1000"}
debug:record//"IEUser"
debug:record//{"EventData":{"LogonType":2,"TargetDomainName":"IE8Win7","TargetLogonId":"0xdafc","TargetUserName":"IEUser","TargetUserSid":"S-1-5-21-3463664321-2923530833-3546627382-1000"},"System":{"Channel":"Security","Computer":"IE8Win7","Correlation":null,"EventID":4634,"EventRecordID":3399,"Execution_attributes":{"ProcessID":496,"ThreadID":2228},"Keywords":"0x8020000000000000","Level":0,"Opcode":0,"Provider_attributes":{"Guid":"54849625-5478-4994-A5BA-3E3B0328C30D","Name":"Microsoft-Windows-Security-Auditing"},"Security":null,"Task":12545,"TimeCreated_attributes":{"SystemTime":"2013-10-23T22:00:55.903125Z"},"Version":0}}
debug:record//{"LogonType":2,"TargetDomainName":"IE8Win7","TargetLogonId":"0xdafc","TargetUserName":"IEUser","TargetUserSid":"S-1-5-21-3463664321-2923530833-3546627382-1000"}
debug:record//"0xdafc"
debug:record//{"EventData":{"TargetDomainName":"IE8Win7","TargetLogonId":"0x2553c","TargetUserName":"IEUser","TargetUserSid":"S-1-5-21-3463664321-2923530833-3546627382-1000"},"System":{"Channel":"Security","Computer":"IE8Win7","Correlation":null,"EventID":4647,"EventRecordID":3362,"Execution_attributes":{"ProcessID":524,"ThreadID":2344},"Keywords":"0x8020000000000000","Level":0,"Opcode":0,"Provider_attributes":{"Guid":"54849625-5478-4994-A5BA-3E3B0328C30D","Name":"Microsoft-Windows-Security-Auditing"},"Security":null,"Task":12545,"TimeCreated_attributes":{"SystemTime":"2013-10-23T21:54:01.732Z"},"Version":0}}
debug:record//{"TargetDomainName":"IE8Win7","TargetLogonId":"0x2553c","TargetUserName":"IEUser","TargetUserSid":"S-1-5-21-3463664321-2923530833-3546627382-1000"}
debug:record//"IEUser"
debug:record//{"EventData":{"TargetDomainName":"IE8Win7","TargetLogonId":"0x2553c","TargetUserName":"IEUser","TargetUserSid":"S-1-5-21-3463664321-2923530833-3546627382-1000"},"System":{"Channel":"Security","Computer":"IE8Win7","Correlation":null,"EventID":4647,"EventRecordID":3362,"Execution_attributes":{"ProcessID":524,"ThreadID":2344},"Keywords":"0x8020000000000000","Level":0,"Opcode":0,"Provider_attributes":{"Guid":"54849625-5478-4994-A5BA-3E3B0328C30D","Name":"Microsoft-Windows-Security-Auditing"},"Security":null,"Task":12545,"TimeCreated_attributes":{"SystemTime":"2013-10-23T21:54:01.732Z"},"Version":0}}
debug:record//{"TargetDomainName":"IE8Win7","TargetLogonId":"0x2553c","TargetUserName":"IEUser","TargetUserSid":"S-1-5-21-3463664321-2923530833-3546627382-1000"}
debug:record//"0x2553c"
debug:record//{"EventData":{"LogonType":2,"TargetDomainName":"IE8Win7","TargetLogonId":"0xdad4","TargetUserName":"IEUser","TargetUserSid":"S-1-5-21-3463664321-2923530833-3546627382-1000"},"System":{"Channel":"Security","Computer":"IE8Win7","Correlation":null,"EventID":4634,"EventRecordID":3400,"Execution_attributes":{"ProcessID":496,"ThreadID":2228},"Keywords":"0x8020000000000000","Level":0,"Opcode":0,"Provider_attributes":{"Guid":"54849625-5478-4994-A5BA-3E3B0328C30D","Name":"Microsoft-Windows-Security-Auditing"},"Security":null,"Task":12545,"TimeCreated_attributes":{"SystemTime":"2013-10-23T22:00:55.903125Z"},"Version":0}}
debug:record//{"LogonType":2,"TargetDomainName":"IE8Win7","TargetLogonId":"0xdad4","TargetUserName":"IEUser","TargetUserSid":"S-1-5-21-3463664321-2923530833-3546627382-1000"}
debug:record//"IEUser"
debug:record//{"EventData":{"LogonType":2,"TargetDomainName":"IE8Win7","TargetLogonId":"0xdad4","TargetUserName":"IEUser","TargetUserSid":"S-1-5-21-3463664321-2923530833-3546627382-1000"},"System":{"Channel":"Security","Computer":"IE8Win7","Correlation":null,"EventID":4634,"EventRecordID":3400,"Execution_attributes":{"ProcessID":496,"ThreadID":2228},"Keywords":"0x8020000000000000","Level":0,"Opcode":0,"Provider_attributes":{"Guid":"54849625-5478-4994-A5BA-3E3B0328C30D","Name":"Microsoft-Windows-Security-Auditing"},"Security":null,"Task":12545,"TimeCreated_attributes":{"SystemTime":"2013-10-23T22:00:55.903125Z"},"Version":0}}
debug:record//{"LogonType":2,"TargetDomainName":"IE8Win7","TargetLogonId":"0xdad4","TargetUserName":"IEUser","TargetUserSid":"S-1-5-21-3463664321-2923530833-3546627382-1000"}
debug:record//"0xdad4"
debug:record//{"EventData":{"TargetDomainName":"IE8Win7","TargetLogonId":"0xdafc","TargetUserName":"IEUser","TargetUserSid":"S-1-5-21-3463664321-2923530833-3546627382-1000"},"System":{"Channel":"Security","Computer":"IE8Win7","Correlation":null,"EventID":4647,"EventRecordID":3398,"Execution_attributes":{"ProcessID":496,"ThreadID":2228},"Keywords":"0x8020000000000000","Level":0,"Opcode":0,"Provider_attributes":{"Guid":"54849625-5478-4994-A5BA-3E3B0328C30D","Name":"Microsoft-Windows-Security-Auditing"},"Security":null,"Task":12545,"TimeCreated_attributes":{"SystemTime":"2013-10-23T22:00:55.356250Z"},"Version":0}}
debug:record//{"TargetDomainName":"IE8Win7","TargetLogonId":"0xdafc","TargetUserName":"IEUser","TargetUserSid":"S-1-5-21-3463664321-2923530833-3546627382-1000"}
debug:record//"IEUser"
debug:record//{"EventData":{"TargetDomainName":"IE8Win7","TargetLogonId":"0xdafc","TargetUserName":"IEUser","TargetUserSid":"S-1-5-21-3463664321-2923530833-3546627382-1000"},"System":{"Channel":"Security","Computer":"IE8Win7","Correlation":null,"EventID":4647,"EventRecordID":3398,"Execution_attributes":{"ProcessID":496,"ThreadID":2228},"Keywords":"0x8020000000000000","Level":0,"Opcode":0,"Provider_attributes":{"Guid":"54849625-5478-4994-A5BA-3E3B0328C30D","Name":"Microsoft-Windows-Security-Auditing"},"Security":null,"Task":12545,"TimeCreated_attributes":{"SystemTime":"2013-10-23T22:00:55.356250Z"},"Version":0}}
debug:record//{"TargetDomainName":"IE8Win7","TargetLogonId":"0xdafc","TargetUserName":"IEUser","TargetUserSid":"S-1-5-21-3463664321-2923530833-3546627382-1000"}
debug:record//"0xdafc"
debug:record//{"EventData":{"LogonType":4,"TargetDomainName":"IE8Win7","TargetLogonId":"0x144df","TargetUserName":"IEUser","TargetUserSid":"S-1-5-21-3463664321-2923530833-3546627382-1000"},"System":{"Channel":"Security","Computer":"IE8Win7","Correlation":null,"EventID":4634,"EventRecordID":3444,"Execution_attributes":{"ProcessID":488,"ThreadID":2480},"Keywords":"0x8020000000000000","Level":0,"Opcode":0,"Provider_attributes":{"Guid":"54849625-5478-4994-A5BA-3E3B0328C30D","Name":"Microsoft-Windows-Security-Auditing"},"Security":null,"Task":12545,"TimeCreated_attributes":{"SystemTime":"2014-11-21T23:32:12.657625Z"},"Version":0}}
debug:record//{"LogonType":4,"TargetDomainName":"IE8Win7","TargetLogonId":"0x144df","TargetUserName":"IEUser","TargetUserSid":"S-1-5-21-3463664321-2923530833-3546627382-1000"}
debug:record//"IEUser"
debug:record//{"EventData":{"LogonType":4,"TargetDomainName":"IE8Win7","TargetLogonId":"0x144df","TargetUserName":"IEUser","TargetUserSid":"S-1-5-21-3463664321-2923530833-3546627382-1000"},"System":{"Channel":"Security","Computer":"IE8Win7","Correlation":null,"EventID":4634,"EventRecordID":3444,"Execution_attributes":{"ProcessID":488,"ThreadID":2480},"Keywords":"0x8020000000000000","Level":0,"Opcode":0,"Provider_attributes":{"Guid":"54849625-5478-4994-A5BA-3E3B0328C30D","Name":"Microsoft-Windows-Security-Auditing"},"Security":null,"Task":12545,"TimeCreated_attributes":{"SystemTime":"2014-11-21T23:32:12.657625Z"},"Version":0}}
debug:record//{"LogonType":4,"TargetDomainName":"IE8Win7","TargetLogonId":"0x144df","TargetUserName":"IEUser","TargetUserSid":"S-1-5-21-3463664321-2923530833-3546627382-1000"}
debug:record//"0x144df"
debug:record//{"EventData":{"TargetDomainName":"IE8Win7","TargetLogonId":"0x4bb14","TargetUserName":"IEUser","TargetUserSid":"S-1-5-21-3463664321-2923530833-3546627382-1000"},"System":{"Channel":"Security","Computer":"IE8Win7","Correlation":null,"EventID":4647,"EventRecordID":3405,"Execution_attributes":{"ProcessID":496,"ThreadID":2228},"Keywords":"0x8020000000000000","Level":0,"Opcode":0,"Provider_attributes":{"Guid":"54849625-5478-4994-A5BA-3E3B0328C30D","Name":"Microsoft-Windows-Security-Auditing"},"Security":null,"Task":12545,"TimeCreated_attributes":{"SystemTime":"2013-10-23T22:04:16.809375Z"},"Version":0}}
debug:record//{"TargetDomainName":"IE8Win7","TargetLogonId":"0x4bb14","TargetUserName":"IEUser","TargetUserSid":"S-1-5-21-3463664321-2923530833-3546627382-1000"}
debug:record//"IEUser"
debug:record//{"EventData":{"TargetDomainName":"IE8Win7","TargetLogonId":"0x4bb14","TargetUserName":"IEUser","TargetUserSid":"S-1-5-21-3463664321-2923530833-3546627382-1000"},"System":{"Channel":"Security","Computer":"IE8Win7","Correlation":null,"EventID":4647,"EventRecordID":3405,"Execution_attributes":{"ProcessID":496,"ThreadID":2228},"Keywords":"0x8020000000000000","Level":0,"Opcode":0,"Provider_attributes":{"Guid":"54849625-5478-4994-A5BA-3E3B0328C30D","Name":"Microsoft-Windows-Security-Auditing"},"Security":null,"Task":12545,"TimeCreated_attributes":{"SystemTime":"2013-10-23T22:04:16.809375Z"},"Version":0}}
debug:record//{"TargetDomainName":"IE8Win7","TargetLogonId":"0x4bb14","TargetUserName":"IEUser","TargetUserSid":"S-1-5-21-3463664321-2923530833-3546627382-1000"}
debug:record//"0x4bb14"
debug:record//{"EventData":{"TargetDomainName":"IE8Win7","TargetLogonId":"0xd9c6","TargetUserName":"IEUser","TargetUserSid":"S-1-5-21-3463664321-2923530833-3546627382-1000"},"System":{"Channel":"Security","Computer":"IE8Win7","Correlation":null,"EventID":4647,"EventRecordID":3454,"Execution_attributes":{"ProcessID":488,"ThreadID":3292},"Keywords":"0x8020000000000000","Level":0,"Opcode":0,"Provider_attributes":{"Guid":"54849625-5478-4994-A5BA-3E3B0328C30D","Name":"Microsoft-Windows-Security-Auditing"},"Security":null,"Task":12545,"TimeCreated_attributes":{"SystemTime":"2014-11-21T23:40:48.532625Z"},"Version":0}}
debug:record//{"TargetDomainName":"IE8Win7","TargetLogonId":"0xd9c6","TargetUserName":"IEUser","TargetUserSid":"S-1-5-21-3463664321-2923530833-3546627382-1000"}
debug:record//"IEUser"
debug:record//{"EventData":{"TargetDomainName":"IE8Win7","TargetLogonId":"0xd9c6","TargetUserName":"IEUser","TargetUserSid":"S-1-5-21-3463664321-2923530833-3546627382-1000"},"System":{"Channel":"Security","Computer":"IE8Win7","Correlation":null,"EventID":4647,"EventRecordID":3454,"Execution_attributes":{"ProcessID":488,"ThreadID":3292},"Keywords":"0x8020000000000000","Level":0,"Opcode":0,"Provider_attributes":{"Guid":"54849625-5478-4994-A5BA-3E3B0328C30D","Name":"Microsoft-Windows-Security-Auditing"},"Security":null,"Task":12545,"TimeCreated_attributes":{"SystemTime":"2014-11-21T23:40:48.532625Z"},"Version":0}}
debug:record//{"TargetDomainName":"IE8Win7","TargetLogonId":"0xd9c6","TargetUserName":"IEUser","TargetUserSid":"S-1-5-21-3463664321-2923530833-3546627382-1000"}
debug:record//"0xd9c6"
debug:record//{"EventData":{"TargetDomainName":"IE8Win7","TargetLogonId":"0x16589","TargetUserName":"IEUser","TargetUserSid":"S-1-5-21-3463664321-2923530833-3546627382-1000"},"System":{"Channel":"Security","Computer":"IE8Win7","Correlation":null,"EventID":4647,"EventRecordID":3524,"Execution_attributes":{"ProcessID":488,"ThreadID":2220},"Keywords":"0x8020000000000000","Level":0,"Opcode":0,"Provider_attributes":{"Guid":"54849625-5478-4994-A5BA-3E3B0328C30D","Name":"Microsoft-Windows-Security-Auditing"},"Security":null,"Task":12545,"TimeCreated_attributes":{"SystemTime":"2014-11-22T00:44:32.677375Z"},"Version":0}}
debug:record//{"TargetDomainName":"IE8Win7","TargetLogonId":"0x16589","TargetUserName":"IEUser","TargetUserSid":"S-1-5-21-3463664321-2923530833-3546627382-1000"}
debug:record//"IEUser"
debug:record//{"EventData":{"TargetDomainName":"IE8Win7","TargetLogonId":"0x16589","TargetUserName":"IEUser","TargetUserSid":"S-1-5-21-3463664321-2923530833-3546627382-1000"},"System":{"Channel":"Security","Computer":"IE8Win7","Correlation":null,"EventID":4647,"EventRecordID":3524,"Execution_attributes":{"ProcessID":488,"ThreadID":2220},"Keywords":"0x8020000000000000","Level":0,"Opcode":0,"Provider_attributes":{"Guid":"54849625-5478-4994-A5BA-3E3B0328C30D","Name":"Microsoft-Windows-Security-Auditing"},"Security":null,"Task":12545,"TimeCreated_attributes":{"SystemTime":"2014-11-22T00:44:32.677375Z"},"Version":0}}
debug:record//{"TargetDomainName":"IE8Win7","TargetLogonId":"0x16589","TargetUserName":"IEUser","TargetUserSid":"S-1-5-21-3463664321-2923530833-3546627382-1000"}
debug:record//"0x16589"
debug:record//{"EventData":{"TargetDomainName":"IE8Win7","TargetLogonId":"0x2b7f0","TargetUserName":"IEUser","TargetUserSid":"S-1-5-21-3463664321-2923530833-3546627382-1000"},"System":{"Channel":"Security","Computer":"IE8Win7","Correlation":null,"EventID":4647,"EventRecordID":3935,"Execution_attributes":{"ProcessID":496,"ThreadID":3276},"Keywords":"0x8020000000000000","Level":0,"Opcode":0,"Provider_attributes":{"Guid":"54849625-5478-4994-A5BA-3E3B0328C30D","Name":"Microsoft-Windows-Security-Auditing"},"Security":null,"Task":12545,"TimeCreated_attributes":{"SystemTime":"2014-11-25T21:50:49.109875Z"},"Version":0}}
debug:record//{"TargetDomainName":"IE8Win7","TargetLogonId":"0x2b7f0","TargetUserName":"IEUser","TargetUserSid":"S-1-5-21-3463664321-2923530833-3546627382-1000"}
debug:record//"IEUser"
debug:record//{"EventData":{"TargetDomainName":"IE8Win7","TargetLogonId":"0x2b7f0","TargetUserName":"IEUser","TargetUserSid":"S-1-5-21-3463664321-2923530833-3546627382-1000"},"System":{"Channel":"Security","Computer":"IE8Win7","Correlation":null,"EventID":4647,"EventRecordID":3935,"Execution_attributes":{"ProcessID":496,"ThreadID":3276},"Keywords":"0x8020000000000000","Level":0,"Opcode":0,"Provider_attributes":{"Guid":"54849625-5478-4994-A5BA-3E3B0328C30D","Name":"Microsoft-Windows-Security-Auditing"},"Security":null,"Task":12545,"TimeCreated_attributes":{"SystemTime":"2014-11-25T21:50:49.109875Z"},"Version":0}}
debug:record//{"TargetDomainName":"IE8Win7","TargetLogonId":"0x2b7f0","TargetUserName":"IEUser","TargetUserSid":"S-1-5-21-3463664321-2923530833-3546627382-1000"}
debug:record//"0x2b7f0"
debug:record//{"EventData":{"TargetDomainName":"IE8Win7","TargetLogonId":"0xcf598","TargetUserName":"IEUser","TargetUserSid":"S-1-5-21-3463664321-2923530833-3546627382-1000"},"System":{"Channel":"Security","Computer":"IE8Win7","Correlation":null,"EventID":4647,"EventRecordID":3988,"Execution_attributes":{"ProcessID":480,"ThreadID":1808},"Keywords":"0x8020000000000000","Level":0,"Opcode":0,"Provider_attributes":{"Guid":"54849625-5478-4994-A5BA-3E3B0328C30D","Name":"Microsoft-Windows-Security-Auditing"},"Security":null,"Task":12545,"TimeCreated_attributes":{"SystemTime":"2014-11-25T22:35:01.091375Z"},"Version":0}}
debug:record//{"TargetDomainName":"IE8Win7","TargetLogonId":"0xcf598","TargetUserName":"IEUser","TargetUserSid":"S-1-5-21-3463664321-2923530833-3546627382-1000"}
debug:record//"IEUser"
debug:record//{"EventData":{"TargetDomainName":"IE8Win7","TargetLogonId":"0xcf598","TargetUserName":"IEUser","TargetUserSid":"S-1-5-21-3463664321-2923530833-3546627382-1000"},"System":{"Channel":"Security","Computer":"IE8Win7","Correlation":null,"EventID":4647,"EventRecordID":3988,"Execution_attributes":{"ProcessID":480,"ThreadID":1808},"Keywords":"0x8020000000000000","Level":0,"Opcode":0,"Provider_attributes":{"Guid":"54849625-5478-4994-A5BA-3E3B0328C30D","Name":"Microsoft-Windows-Security-Auditing"},"Security":null,"Task":12545,"TimeCreated_attributes":{"SystemTime":"2014-11-25T22:35:01.091375Z"},"Version":0}}
debug:record//{"TargetDomainName":"IE8Win7","TargetLogonId":"0xcf598","TargetUserName":"IEUser","TargetUserSid":"S-1-5-21-3463664321-2923530833-3546627382-1000"}
debug:record//"0xcf598"
debug:record//{"EventData":{"TargetDomainName":"IE8Win7","TargetLogonId":"0x27038","TargetUserName":"IEUser","TargetUserSid":"S-1-5-21-3463664321-2923530833-3546627382-1000"},"System":{"Channel":"Security","Computer":"IE8Win7","Correlation":null,"EventID":4647,"EventRecordID":4139,"Execution_attributes":{"ProcessID":480,"ThreadID":2648},"Keywords":"0x8020000000000000","Level":0,"Opcode":0,"Provider_attributes":{"Guid":"54849625-5478-4994-A5BA-3E3B0328C30D","Name":"Microsoft-Windows-Security-Auditing"},"Security":null,"Task":12545,"TimeCreated_attributes":{"SystemTime":"2014-11-25T22:48:51.643937Z"},"Version":0}}
debug:record//{"TargetDomainName":"IE8Win7","TargetLogonId":"0x27038","TargetUserName":"IEUser","TargetUserSid":"S-1-5-21-3463664321-2923530833-3546627382-1000"}
debug:record//"IEUser"
debug:record//{"EventData":{"TargetDomainName":"IE8Win7","TargetLogonId":"0x27038","TargetUserName":"IEUser","TargetUserSid":"S-1-5-21-3463664321-2923530833-3546627382-1000"},"System":{"Channel":"Security","Computer":"IE8Win7","Correlation":null,"EventID":4647,"EventRecordID":4139,"Execution_attributes":{"ProcessID":480,"ThreadID":2648},"Keywords":"0x8020000000000000","Level":0,"Opcode":0,"Provider_attributes":{"Guid":"54849625-5478-4994-A5BA-3E3B0328C30D","Name":"Microsoft-Windows-Security-Auditing"},"Security":null,"Task":12545,"TimeCreated_attributes":{"SystemTime":"2014-11-25T22:48:51.643937Z"},"Version":0}}
debug:record//{"TargetDomainName":"IE8Win7","TargetLogonId":"0x27038","TargetUserName":"IEUser","TargetUserSid":"S-1-5-21-3463664321-2923530833-3546627382-1000"}
debug:record//"0x27038"
debug:record//{"EventData":{"TargetDomainName":"IE9WIN7","TargetLogonId":"0x12070","TargetUserName":"IEUser","TargetUserSid":"S-1-5-21-3463664321-2923530833-3546627382-1000"},"System":{"Channel":"Security","Computer":"IE9Win7","Correlation":null,"EventID":4647,"EventRecordID":4174,"Execution_attributes":{"ProcessID":476,"ThreadID":576},"Keywords":"0x8020000000000000","Level":0,"Opcode":0,"Provider_attributes":{"Guid":"54849625-5478-4994-A5BA-3E3B0328C30D","Name":"Microsoft-Windows-Security-Auditing"},"Security":null,"Task":12545,"TimeCreated_attributes":{"SystemTime":"2014-11-25T23:03:14.476Z"},"Version":0}}
debug:record//{"TargetDomainName":"IE9WIN7","TargetLogonId":"0x12070","TargetUserName":"IEUser","TargetUserSid":"S-1-5-21-3463664321-2923530833-3546627382-1000"}
debug:record//"IEUser"
debug:record//{"EventData":{"TargetDomainName":"IE9WIN7","TargetLogonId":"0x12070","TargetUserName":"IEUser","TargetUserSid":"S-1-5-21-3463664321-2923530833-3546627382-1000"},"System":{"Channel":"Security","Computer":"IE9Win7","Correlation":null,"EventID":4647,"EventRecordID":4174,"Execution_attributes":{"ProcessID":476,"ThreadID":576},"Keywords":"0x8020000000000000","Level":0,"Opcode":0,"Provider_attributes":{"Guid":"54849625-5478-4994-A5BA-3E3B0328C30D","Name":"Microsoft-Windows-Security-Auditing"},"Security":null,"Task":12545,"TimeCreated_attributes":{"SystemTime":"2014-11-25T23:03:14.476Z"},"Version":0}}
debug:record//{"TargetDomainName":"IE9WIN7","TargetLogonId":"0x12070","TargetUserName":"IEUser","TargetUserSid":"S-1-5-21-3463664321-2923530833-3546627382-1000"}
debug:record//"0x12070"
debug:record//{"EventData":{"PrivilegeList":"SeSecurityPrivilege\r\n\t\t\tSeTakeOwnershipPrivilege\r\n\t\t\tSeLoadDriverPrivilege\r\n\t\t\tSeBackupPrivilege\r\n\t\t\tSeRestorePrivilege\r\n\t\t\tSeDebugPrivilege\r\n\t\t\tSeSystemEnvironmentPrivilege\r\n\t\t\tSeImpersonatePrivilege","SubjectDomainName":"IE8Win7","SubjectLogonId":"0x298c5","SubjectUserName":"IEUser","SubjectUserSid":"S-1-5-21-3463664321-2923530833-3546627382-1000"},"System":{"Channel":"Security","Computer":"IE8Win7","Correlation":null,"EventID":4672,"EventRecordID":126,"Execution_attributes":{"ProcessID":508,"ThreadID":820},"Keywords":"0x8020000000000000","Level":0,"Opcode":0,"Provider_attributes":{"Guid":"54849625-5478-4994-A5BA-3E3B0328C30D","Name":"Microsoft-Windows-Security-Auditing"},"Security":null,"Task":12548,"TimeCreated_attributes":{"SystemTime":"2013-10-23T16:22:44.979359Z"},"Version":0}}
debug:record//{"PrivilegeList":"SeSecurityPrivilege\r\n\t\t\tSeTakeOwnershipPrivilege\r\n\t\t\tSeLoadDriverPrivilege\r\n\t\t\tSeBackupPrivilege\r\n\t\t\tSeRestorePrivilege\r\n\t\t\tSeDebugPrivilege\r\n\t\t\tSeSystemEnvironmentPrivilege\r\n\t\t\tSeImpersonatePrivilege","SubjectDomainName":"IE8Win7","SubjectLogonId":"0x298c5","SubjectUserName":"IEUser","SubjectUserSid":"S-1-5-21-3463664321-2923530833-3546627382-1000"}
debug:record//"IEUser"
debug:record//{"EventData":{"PrivilegeList":"SeSecurityPrivilege\r\n\t\t\tSeTakeOwnershipPrivilege\r\n\t\t\tSeLoadDriverPrivilege\r\n\t\t\tSeBackupPrivilege\r\n\t\t\tSeRestorePrivilege\r\n\t\t\tSeDebugPrivilege\r\n\t\t\tSeSystemEnvironmentPrivilege\r\n\t\t\tSeImpersonatePrivilege","SubjectDomainName":"IE8Win7","SubjectLogonId":"0x298c5","SubjectUserName":"IEUser","SubjectUserSid":"S-1-5-21-3463664321-2923530833-3546627382-1000"},"System":{"Channel":"Security","Computer":"IE8Win7","Correlation":null,"EventID":4672,"EventRecordID":126,"Execution_attributes":{"ProcessID":508,"ThreadID":820},"Keywords":"0x8020000000000000","Level":0,"Opcode":0,"Provider_attributes":{"Guid":"54849625-5478-4994-A5BA-3E3B0328C30D","Name":"Microsoft-Windows-Security-Auditing"},"Security":null,"Task":12548,"TimeCreated_attributes":{"SystemTime":"2013-10-23T16:22:44.979359Z"},"Version":0}}
debug:record//{"PrivilegeList":"SeSecurityPrivilege\r\n\t\t\tSeTakeOwnershipPrivilege\r\n\t\t\tSeLoadDriverPrivilege\r\n\t\t\tSeBackupPrivilege\r\n\t\t\tSeRestorePrivilege\r\n\t\t\tSeDebugPrivilege\r\n\t\t\tSeSystemEnvironmentPrivilege\r\n\t\t\tSeImpersonatePrivilege","SubjectDomainName":"IE8Win7","SubjectLogonId":"0x298c5","SubjectUserName":"IEUser","SubjectUserSid":"S-1-5-21-3463664321-2923530833-3546627382-1000"}
debug:record//"0x298c5"
debug:record//{"EventData":{"TargetDomainName":"IE9WIN7","TargetLogonId":"0x13216","TargetUserName":"IEUser","TargetUserSid":"S-1-5-21-3463664321-2923530833-3546627382-1000"},"System":{"Channel":"Security","Computer":"IE9Win7","Correlation":null,"EventID":4647,"EventRecordID":4215,"Execution_attributes":{"ProcessID":496,"ThreadID":548},"Keywords":"0x8020000000000000","Level":0,"Opcode":0,"Provider_attributes":{"Guid":"54849625-5478-4994-A5BA-3E3B0328C30D","Name":"Microsoft-Windows-Security-Auditing"},"Security":null,"Task":12545,"TimeCreated_attributes":{"SystemTime":"2014-11-26T17:41:21.932625Z"},"Version":0}}
debug:record//{"TargetDomainName":"IE9WIN7","TargetLogonId":"0x13216","TargetUserName":"IEUser","TargetUserSid":"S-1-5-21-3463664321-2923530833-3546627382-1000"}
debug:record//"IEUser"
debug:record//{"EventData":{"TargetDomainName":"IE9WIN7","TargetLogonId":"0x13216","TargetUserName":"IEUser","TargetUserSid":"S-1-5-21-3463664321-2923530833-3546627382-1000"},"System":{"Channel":"Security","Computer":"IE9Win7","Correlation":null,"EventID":4647,"EventRecordID":4215,"Execution_attributes":{"ProcessID":496,"ThreadID":548},"Keywords":"0x8020000000000000","Level":0,"Opcode":0,"Provider_attributes":{"Guid":"54849625-5478-4994-A5BA-3E3B0328C30D","Name":"Microsoft-Windows-Security-Auditing"},"Security":null,"Task":12545,"TimeCreated_attributes":{"SystemTime":"2014-11-26T17:41:21.932625Z"},"Version":0}}
debug:record//{"TargetDomainName":"IE9WIN7","TargetLogonId":"0x13216","TargetUserName":"IEUser","TargetUserSid":"S-1-5-21-3463664321-2923530833-3546627382-1000"}
debug:record//"0x13216"
debug:record//{"EventData":{"LogonType":2,"TargetDomainName":"IE10WIN7","TargetLogonId":"0x1e3c9","TargetUserName":"IEUser","TargetUserSid":"S-1-5-21-3463664321-2923530833-3546627382-1000"},"System":{"Channel":"Security","Computer":"IE10Win7","Correlation":null,"EventID":4634,"EventRecordID":4697,"Execution_attributes":{"ProcessID":484,"ThreadID":776},"Keywords":"0x8020000000000000","Level":0,"Opcode":0,"Provider_attributes":{"Guid":"54849625-5478-4994-A5BA-3E3B0328C30D","Name":"Microsoft-Windows-Security-Auditing"},"Security":null,"Task":12545,"TimeCreated_attributes":{"SystemTime":"2016-08-18T14:46:34.426882Z"},"Version":0}}
debug:record//{"LogonType":2,"TargetDomainName":"IE10WIN7","TargetLogonId":"0x1e3c9","TargetUserName":"IEUser","TargetUserSid":"S-1-5-21-3463664321-2923530833-3546627382-1000"}
debug:record//"IEUser"
debug:record//{"EventData":{"LogonType":2,"TargetDomainName":"IE10WIN7","TargetLogonId":"0x1e3c9","TargetUserName":"IEUser","TargetUserSid":"S-1-5-21-3463664321-2923530833-3546627382-1000"},"System":{"Channel":"Security","Computer":"IE10Win7","Correlation":null,"EventID":4634,"EventRecordID":4697,"Execution_attributes":{"ProcessID":484,"ThreadID":776},"Keywords":"0x8020000000000000","Level":0,"Opcode":0,"Provider_attributes":{"Guid":"54849625-5478-4994-A5BA-3E3B0328C30D","Name":"Microsoft-Windows-Security-Auditing"},"Security":null,"Task":12545,"TimeCreated_attributes":{"SystemTime":"2016-08-18T14:46:34.426882Z"},"Version":0}}
debug:record//{"LogonType":2,"TargetDomainName":"IE10WIN7","TargetLogonId":"0x1e3c9","TargetUserName":"IEUser","TargetUserSid":"S-1-5-21-3463664321-2923530833-3546627382-1000"}
debug:record//"0x1e3c9"
debug:record//{"EventData":{"LogonType":2,"TargetDomainName":"IE10WIN7","TargetLogonId":"0x1e056","TargetUserName":"IEUser","TargetUserSid":"S-1-5-21-3463664321-2923530833-3546627382-1000"},"System":{"Channel":"Security","Computer":"IE10Win7","Correlation":null,"EventID":4634,"EventRecordID":4698,"Execution_attributes":{"ProcessID":484,"ThreadID":776},"Keywords":"0x8020000000000000","Level":0,"Opcode":0,"Provider_attributes":{"Guid":"54849625-5478-4994-A5BA-3E3B0328C30D","Name":"Microsoft-Windows-Security-Auditing"},"Security":null,"Task":12545,"TimeCreated_attributes":{"SystemTime":"2016-08-18T14:46:34.426882Z"},"Version":0}}
debug:record//{"LogonType":2,"TargetDomainName":"IE10WIN7","TargetLogonId":"0x1e056","TargetUserName":"IEUser","TargetUserSid":"S-1-5-21-3463664321-2923530833-3546627382-1000"}
debug:record//"IEUser"
debug:record//{"EventData":{"LogonType":2,"TargetDomainName":"IE10WIN7","TargetLogonId":"0x1e056","TargetUserName":"IEUser","TargetUserSid":"S-1-5-21-3463664321-2923530833-3546627382-1000"},"System":{"Channel":"Security","Computer":"IE10Win7","Correlation":null,"EventID":4634,"EventRecordID":4698,"Execution_attributes":{"ProcessID":484,"ThreadID":776},"Keywords":"0x8020000000000000","Level":0,"Opcode":0,"Provider_attributes":{"Guid":"54849625-5478-4994-A5BA-3E3B0328C30D","Name":"Microsoft-Windows-Security-Auditing"},"Security":null,"Task":12545,"TimeCreated_attributes":{"SystemTime":"2016-08-18T14:46:34.426882Z"},"Version":0}}
debug:record//{"LogonType":2,"TargetDomainName":"IE10WIN7","TargetLogonId":"0x1e056","TargetUserName":"IEUser","TargetUserSid":"S-1-5-21-3463664321-2923530833-3546627382-1000"}
debug:record//"0x1e056"
debug:record//{"EventData":{"TargetDomainName":"IE9WIN7","TargetLogonId":"0x36b1d","TargetUserName":"IEUser","TargetUserSid":"S-1-5-21-3463664321-2923530833-3546627382-1000"},"System":{"Channel":"Security","Computer":"IE9Win7","Correlation":null,"EventID":4647,"EventRecordID":4507,"Execution_attributes":{"ProcessID":508,"ThreadID":944},"Keywords":"0x8020000000000000","Level":0,"Opcode":0,"Provider_attributes":{"Guid":"54849625-5478-4994-A5BA-3E3B0328C30D","Name":"Microsoft-Windows-Security-Auditing"},"Security":null,"Task":12545,"TimeCreated_attributes":{"SystemTime":"2014-11-26T18:15:07.962250Z"},"Version":0}}
debug:record//{"TargetDomainName":"IE9WIN7","TargetLogonId":"0x36b1d","TargetUserName":"IEUser","TargetUserSid":"S-1-5-21-3463664321-2923530833-3546627382-1000"}
debug:record//"IEUser"
debug:record//{"EventData":{"TargetDomainName":"IE9WIN7","TargetLogonId":"0x36b1d","TargetUserName":"IEUser","TargetUserSid":"S-1-5-21-3463664321-2923530833-3546627382-1000"},"System":{"Channel":"Security","Computer":"IE9Win7","Correlation":null,"EventID":4647,"EventRecordID":4507,"Execution_attributes":{"ProcessID":508,"ThreadID":944},"Keywords":"0x8020000000000000","Level":0,"Opcode":0,"Provider_attributes":{"Guid":"54849625-5478-4994-A5BA-3E3B0328C30D","Name":"Microsoft-Windows-Security-Auditing"},"Security":null,"Task":12545,"TimeCreated_attributes":{"SystemTime":"2014-11-26T18:15:07.962250Z"},"Version":0}}
debug:record//{"TargetDomainName":"IE9WIN7","TargetLogonId":"0x36b1d","TargetUserName":"IEUser","TargetUserSid":"S-1-5-21-3463664321-2923530833-3546627382-1000"}
debug:record//"0x36b1d"
debug:record//{"EventData":{"TargetDomainName":"IE10WIN7","TargetLogonId":"0x11c32","TargetUserName":"IEUser","TargetUserSid":"S-1-5-21-3463664321-2923530833-3546627382-1000"},"System":{"Channel":"Security","Computer":"IE10Win7","Correlation":null,"EventID":4647,"EventRecordID":4546,"Execution_attributes":{"ProcessID":512,"ThreadID":2332},"Keywords":"0x8020000000000000","Level":0,"Opcode":0,"Provider_attributes":{"Guid":"54849625-5478-4994-A5BA-3E3B0328C30D","Name":"Microsoft-Windows-Security-Auditing"},"Security":null,"Task":12545,"TimeCreated_attributes":{"SystemTime":"2014-11-26T18:30:25.009625Z"},"Version":0}}
debug:record//{"TargetDomainName":"IE10WIN7","TargetLogonId":"0x11c32","TargetUserName":"IEUser","TargetUserSid":"S-1-5-21-3463664321-2923530833-3546627382-1000"}
debug:record//"IEUser"
debug:record//{"EventData":{"TargetDomainName":"IE10WIN7","TargetLogonId":"0x11c32","TargetUserName":"IEUser","TargetUserSid":"S-1-5-21-3463664321-2923530833-3546627382-1000"},"System":{"Channel":"Security","Computer":"IE10Win7","Correlation":null,"EventID":4647,"EventRecordID":4546,"Execution_attributes":{"ProcessID":512,"ThreadID":2332},"Keywords":"0x8020000000000000","Level":0,"Opcode":0,"Provider_attributes":{"Guid":"54849625-5478-4994-A5BA-3E3B0328C30D","Name":"Microsoft-Windows-Security-Auditing"},"Security":null,"Task":12545,"TimeCreated_attributes":{"SystemTime":"2014-11-26T18:30:25.009625Z"},"Version":0}}
debug:record//{"TargetDomainName":"IE10WIN7","TargetLogonId":"0x11c32","TargetUserName":"IEUser","TargetUserSid":"S-1-5-21-3463664321-2923530833-3546627382-1000"}
debug:record//"0x11c32"
debug:record//{"EventData":{"TargetDomainName":"IE10WIN7","TargetLogonId":"0x17125","TargetUserName":"IEUser","TargetUserSid":"S-1-5-21-3463664321-2923530833-3546627382-1000"},"System":{"Channel":"Security","Computer":"IE10Win7","Correlation":null,"EventID":4647,"EventRecordID":4592,"Execution_attributes":{"ProcessID":456,"ThreadID":492},"Keywords":"0x8020000000000000","Level":0,"Opcode":0,"Provider_attributes":{"Guid":"54849625-5478-4994-A5BA-3E3B0328C30D","Name":"Microsoft-Windows-Security-Auditing"},"Security":null,"Task":12545,"TimeCreated_attributes":{"SystemTime":"2014-11-26T23:25:04.605441Z"},"Version":0}}
debug:record//{"TargetDomainName":"IE10WIN7","TargetLogonId":"0x17125","TargetUserName":"IEUser","TargetUserSid":"S-1-5-21-3463664321-2923530833-3546627382-1000"}
debug:record//"IEUser"
debug:record//{"EventData":{"TargetDomainName":"IE10WIN7","TargetLogonId":"0x17125","TargetUserName":"IEUser","TargetUserSid":"S-1-5-21-3463664321-2923530833-3546627382-1000"},"System":{"Channel":"Security","Computer":"IE10Win7","Correlation":null,"EventID":4647,"EventRecordID":4592,"Execution_attributes":{"ProcessID":456,"ThreadID":492},"Keywords":"0x8020000000000000","Level":0,"Opcode":0,"Provider_attributes":{"Guid":"54849625-5478-4994-A5BA-3E3B0328C30D","Name":"Microsoft-Windows-Security-Auditing"},"Security":null,"Task":12545,"TimeCreated_attributes":{"SystemTime":"2014-11-26T23:25:04.605441Z"},"Version":0}}
debug:record//{"TargetDomainName":"IE10WIN7","TargetLogonId":"0x17125","TargetUserName":"IEUser","TargetUserSid":"S-1-5-21-3463664321-2923530833-3546627382-1000"}
debug:record//"0x17125"
debug:record//{"EventData":{"TargetDomainName":"IE10WIN7","TargetLogonId":"0x1b245","TargetUserName":"IEUser","TargetUserSid":"S-1-5-21-3463664321-2923530833-3546627382-1000"},"System":{"Channel":"Security","Computer":"IE10Win7","Correlation":null,"EventID":4647,"EventRecordID":4625,"Execution_attributes":{"ProcessID":480,"ThreadID":524},"Keywords":"0x8020000000000000","Level":0,"Opcode":0,"Provider_attributes":{"Guid":"54849625-5478-4994-A5BA-3E3B0328C30D","Name":"Microsoft-Windows-Security-Auditing"},"Security":null,"Task":12545,"TimeCreated_attributes":{"SystemTime":"2014-11-26T23:26:40.560073Z"},"Version":0}}
debug:record//{"TargetDomainName":"IE10WIN7","TargetLogonId":"0x1b245","TargetUserName":"IEUser","TargetUserSid":"S-1-5-21-3463664321-2923530833-3546627382-1000"}
debug:record//"IEUser"
debug:record//{"EventData":{"TargetDomainName":"IE10WIN7","TargetLogonId":"0x1b245","TargetUserName":"IEUser","TargetUserSid":"S-1-5-21-3463664321-2923530833-3546627382-1000"},"System":{"Channel":"Security","Computer":"IE10Win7","Correlation":null,"EventID":4647,"EventRecordID":4625,"Execution_attributes":{"ProcessID":480,"ThreadID":524},"Keywords":"0x8020000000000000","Level":0,"Opcode":0,"Provider_attributes":{"Guid":"54849625-5478-4994-A5BA-3E3B0328C30D","Name":"Microsoft-Windows-Security-Auditing"},"Security":null,"Task":12545,"TimeCreated_attributes":{"SystemTime":"2014-11-26T23:26:40.560073Z"},"Version":0}}
debug:record//{"TargetDomainName":"IE10WIN7","TargetLogonId":"0x1b245","TargetUserName":"IEUser","TargetUserSid":"S-1-5-21-3463664321-2923530833-3546627382-1000"}
debug:record//"0x1b245"
debug:record//{"EventData":{"TargetDomainName":"IE10WIN7","TargetLogonId":"0x1a265","TargetUserName":"IEUser","TargetUserSid":"S-1-5-21-3463664321-2923530833-3546627382-1000"},"System":{"Channel":"Security","Computer":"IE10Win7","Correlation":null,"EventID":4647,"EventRecordID":4661,"Execution_attributes":{"ProcessID":492,"ThreadID":600},"Keywords":"0x8020000000000000","Level":0,"Opcode":0,"Provider_attributes":{"Guid":"54849625-5478-4994-A5BA-3E3B0328C30D","Name":"Microsoft-Windows-Security-Auditing"},"Security":null,"Task":12545,"TimeCreated_attributes":{"SystemTime":"2014-11-28T15:48:19.456369Z"},"Version":0}}
debug:record//{"TargetDomainName":"IE10WIN7","TargetLogonId":"0x1a265","TargetUserName":"IEUser","TargetUserSid":"S-1-5-21-3463664321-2923530833-3546627382-1000"}
debug:record//"IEUser"
debug:record//{"EventData":{"TargetDomainName":"IE10WIN7","TargetLogonId":"0x1a265","TargetUserName":"IEUser","TargetUserSid":"S-1-5-21-3463664321-2923530833-3546627382-1000"},"System":{"Channel":"Security","Computer":"IE10Win7","Correlation":null,"EventID":4647,"EventRecordID":4661,"Execution_attributes":{"ProcessID":492,"ThreadID":600},"Keywords":"0x8020000000000000","Level":0,"Opcode":0,"Provider_attributes":{"Guid":"54849625-5478-4994-A5BA-3E3B0328C30D","Name":"Microsoft-Windows-Security-Auditing"},"Security":null,"Task":12545,"TimeCreated_attributes":{"SystemTime":"2014-11-28T15:48:19.456369Z"},"Version":0}}
debug:record//{"TargetDomainName":"IE10WIN7","TargetLogonId":"0x1a265","TargetUserName":"IEUser","TargetUserSid":"S-1-5-21-3463664321-2923530833-3546627382-1000"}
debug:record//"0x1a265"
debug:record//{"EventData":{"TargetDomainName":"IE10WIN7","TargetLogonId":"0x1e3c9","TargetUserName":"IEUser","TargetUserSid":"S-1-5-21-3463664321-2923530833-3546627382-1000"},"System":{"Channel":"Security","Computer":"IE10Win7","Correlation":null,"EventID":4647,"EventRecordID":4696,"Execution_attributes":{"ProcessID":484,"ThreadID":532},"Keywords":"0x8020000000000000","Level":0,"Opcode":0,"Provider_attributes":{"Guid":"54849625-5478-4994-A5BA-3E3B0328C30D","Name":"Microsoft-Windows-Security-Auditing"},"Security":null,"Task":12545,"TimeCreated_attributes":{"SystemTime":"2016-08-18T14:46:33.911257Z"},"Version":0}}
debug:record//{"TargetDomainName":"IE10WIN7","TargetLogonId":"0x1e3c9","TargetUserName":"IEUser","TargetUserSid":"S-1-5-21-3463664321-2923530833-3546627382-1000"}
debug:record//"IEUser"
debug:record//{"EventData":{"TargetDomainName":"IE10WIN7","TargetLogonId":"0x1e3c9","TargetUserName":"IEUser","TargetUserSid":"S-1-5-21-3463664321-2923530833-3546627382-1000"},"System":{"Channel":"Security","Computer":"IE10Win7","Correlation":null,"EventID":4647,"EventRecordID":4696,"Execution_attributes":{"ProcessID":484,"ThreadID":532},"Keywords":"0x8020000000000000","Level":0,"Opcode":0,"Provider_attributes":{"Guid":"54849625-5478-4994-A5BA-3E3B0328C30D","Name":"Microsoft-Windows-Security-Auditing"},"Security":null,"Task":12545,"TimeCreated_attributes":{"SystemTime":"2016-08-18T14:46:33.911257Z"},"Version":0}}
debug:record//{"TargetDomainName":"IE10WIN7","TargetLogonId":"0x1e3c9","TargetUserName":"IEUser","TargetUserSid":"S-1-5-21-3463664321-2923530833-3546627382-1000"}
debug:record//"0x1e3c9"
debug:record//{"EventData":{"TargetDomainName":"IE10WIN7","TargetLogonId":"0x6832b","TargetUserName":"IEUser","TargetUserSid":"S-1-5-21-3463664321-2923530833-3546627382-1000"},"System":{"Channel":"Security","Computer":"IE10Win7","Correlation":null,"EventID":4647,"EventRecordID":4704,"Execution_attributes":{"ProcessID":484,"ThreadID":776},"Keywords":"0x8020000000000000","Level":0,"Opcode":0,"Provider_attributes":{"Guid":"54849625-5478-4994-A5BA-3E3B0328C30D","Name":"Microsoft-Windows-Security-Auditing"},"Security":null,"Task":12545,"TimeCreated_attributes":{"SystemTime":"2016-08-18T14:47:20.053835Z"},"Version":0}}
debug:record//{"TargetDomainName":"IE10WIN7","TargetLogonId":"0x6832b","TargetUserName":"IEUser","TargetUserSid":"S-1-5-21-3463664321-2923530833-3546627382-1000"}
debug:record//"IEUser"
debug:record//{"EventData":{"TargetDomainName":"IE10WIN7","TargetLogonId":"0x6832b","TargetUserName":"IEUser","TargetUserSid":"S-1-5-21-3463664321-2923530833-3546627382-1000"},"System":{"Channel":"Security","Computer":"IE10Win7","Correlation":null,"EventID":4647,"EventRecordID":4704,"Execution_attributes":{"ProcessID":484,"ThreadID":776},"Keywords":"0x8020000000000000","Level":0,"Opcode":0,"Provider_attributes":{"Guid":"54849625-5478-4994-A5BA-3E3B0328C30D","Name":"Microsoft-Windows-Security-Auditing"},"Security":null,"Task":12545,"TimeCreated_attributes":{"SystemTime":"2016-08-18T14:47:20.053835Z"},"Version":0}}
debug:record//{"TargetDomainName":"IE10WIN7","TargetLogonId":"0x6832b","TargetUserName":"IEUser","TargetUserSid":"S-1-5-21-3463664321-2923530833-3546627382-1000"}
debug:record//"0x6832b"
debug:record//{"EventData":{"PrivilegeList":"SeSecurityPrivilege\r\n\t\t\tSeTakeOwnershipPrivilege\r\n\t\t\tSeLoadDriverPrivilege\r\n\t\t\tSeBackupPrivilege\r\n\t\t\tSeRestorePrivilege\r\n\t\t\tSeDebugPrivilege\r\n\t\t\tSeSystemEnvironmentPrivilege\r\n\t\t\tSeImpersonatePrivilege","SubjectDomainName":"IE8Win7","SubjectLogonId":"0x57d5b","SubjectUserName":"IEUser","SubjectUserSid":"S-1-5-21-3463664321-2923530833-3546627382-1000"},"System":{"Channel":"Security","Computer":"IE8Win7","Correlation":null,"EventID":4672,"EventRecordID":1023,"Execution_attributes":{"ProcessID":520,"ThreadID":272},"Keywords":"0x8020000000000000","Level":0,"Opcode":0,"Provider_attributes":{"Guid":"54849625-5478-4994-A5BA-3E3B0328C30D","Name":"Microsoft-Windows-Security-Auditing"},"Security":null,"Task":12548,"TimeCreated_attributes":{"SystemTime":"2013-10-23T17:36:53.671125Z"},"Version":0}}
debug:record//{"PrivilegeList":"SeSecurityPrivilege\r\n\t\t\tSeTakeOwnershipPrivilege\r\n\t\t\tSeLoadDriverPrivilege\r\n\t\t\tSeBackupPrivilege\r\n\t\t\tSeRestorePrivilege\r\n\t\t\tSeDebugPrivilege\r\n\t\t\tSeSystemEnvironmentPrivilege\r\n\t\t\tSeImpersonatePrivilege","SubjectDomainName":"IE8Win7","SubjectLogonId":"0x57d5b","SubjectUserName":"IEUser","SubjectUserSid":"S-1-5-21-3463664321-2923530833-3546627382-1000"}
debug:record//"IEUser"
debug:record//{"EventData":{"PrivilegeList":"SeSecurityPrivilege\r\n\t\t\tSeTakeOwnershipPrivilege\r\n\t\t\tSeLoadDriverPrivilege\r\n\t\t\tSeBackupPrivilege\r\n\t\t\tSeRestorePrivilege\r\n\t\t\tSeDebugPrivilege\r\n\t\t\tSeSystemEnvironmentPrivilege\r\n\t\t\tSeImpersonatePrivilege","SubjectDomainName":"IE8Win7","SubjectLogonId":"0x57d5b","SubjectUserName":"IEUser","SubjectUserSid":"S-1-5-21-3463664321-2923530833-3546627382-1000"},"System":{"Channel":"Security","Computer":"IE8Win7","Correlation":null,"EventID":4672,"EventRecordID":1023,"Execution_attributes":{"ProcessID":520,"ThreadID":272},"Keywords":"0x8020000000000000","Level":0,"Opcode":0,"Provider_attributes":{"Guid":"54849625-5478-4994-A5BA-3E3B0328C30D","Name":"Microsoft-Windows-Security-Auditing"},"Security":null,"Task":12548,"TimeCreated_attributes":{"SystemTime":"2013-10-23T17:36:53.671125Z"},"Version":0}}
debug:record//{"PrivilegeList":"SeSecurityPrivilege\r\n\t\t\tSeTakeOwnershipPrivilege\r\n\t\t\tSeLoadDriverPrivilege\r\n\t\t\tSeBackupPrivilege\r\n\t\t\tSeRestorePrivilege\r\n\t\t\tSeDebugPrivilege\r\n\t\t\tSeSystemEnvironmentPrivilege\r\n\t\t\tSeImpersonatePrivilege","SubjectDomainName":"IE8Win7","SubjectLogonId":"0x57d5b","SubjectUserName":"IEUser","SubjectUserSid":"S-1-5-21-3463664321-2923530833-3546627382-1000"}
debug:record//"0x57d5b"
debug:record//{"EventData":{"TargetDomainName":"IE10WIN7","TargetLogonId":"0x1ee41","TargetUserName":"IEUser","TargetUserSid":"S-1-5-21-3463664321-2923530833-3546627382-1000"},"System":{"Channel":"Security","Computer":"IE10Win7","Correlation":null,"EventID":4647,"EventRecordID":4739,"Execution_attributes":{"ProcessID":484,"ThreadID":532},"Keywords":"0x8020000000000000","Level":0,"Opcode":0,"Provider_attributes":{"Guid":"54849625-5478-4994-A5BA-3E3B0328C30D","Name":"Microsoft-Windows-Security-Auditing"},"Security":null,"Task":12545,"TimeCreated_attributes":{"SystemTime":"2016-08-18T14:48:31.289500Z"},"Version":0}}
debug:record//{"TargetDomainName":"IE10WIN7","TargetLogonId":"0x1ee41","TargetUserName":"IEUser","TargetUserSid":"S-1-5-21-3463664321-2923530833-3546627382-1000"}
debug:record//"IEUser"
debug:record//{"EventData":{"TargetDomainName":"IE10WIN7","TargetLogonId":"0x1ee41","TargetUserName":"IEUser","TargetUserSid":"S-1-5-21-3463664321-2923530833-3546627382-1000"},"System":{"Channel":"Security","Computer":"IE10Win7","Correlation":null,"EventID":4647,"EventRecordID":4739,"Execution_attributes":{"ProcessID":484,"ThreadID":532},"Keywords":"0x8020000000000000","Level":0,"Opcode":0,"Provider_attributes":{"Guid":"54849625-5478-4994-A5BA-3E3B0328C30D","Name":"Microsoft-Windows-Security-Auditing"},"Security":null,"Task":12545,"TimeCreated_attributes":{"SystemTime":"2016-08-18T14:48:31.289500Z"},"Version":0}}
debug:record//{"TargetDomainName":"IE10WIN7","TargetLogonId":"0x1ee41","TargetUserName":"IEUser","TargetUserSid":"S-1-5-21-3463664321-2923530833-3546627382-1000"}
debug:record//"0x1ee41"
debug:record//{"EventData":{"PrivilegeList":"SeSecurityPrivilege\r\n\t\t\tSeTakeOwnershipPrivilege\r\n\t\t\tSeLoadDriverPrivilege\r\n\t\t\tSeBackupPrivilege\r\n\t\t\tSeRestorePrivilege\r\n\t\t\tSeDebugPrivilege\r\n\t\t\tSeSystemEnvironmentPrivilege\r\n\t\t\tSeImpersonatePrivilege","SubjectDomainName":"IE8Win7","SubjectLogonId":"0x27f43","SubjectUserName":"IEUser","SubjectUserSid":"S-1-5-21-3463664321-2923530833-3546627382-1000"},"System":{"Channel":"Security","Computer":"IE8Win7","Correlation":null,"EventID":4672,"EventRecordID":1068,"Execution_attributes":{"ProcessID":544,"ThreadID":592},"Keywords":"0x8020000000000000","Level":0,"Opcode":0,"Provider_attributes":{"Guid":"54849625-5478-4994-A5BA-3E3B0328C30D","Name":"Microsoft-Windows-Security-Auditing"},"Security":null,"Task":12548,"TimeCreated_attributes":{"SystemTime":"2013-10-23T17:51:17.207250Z"},"Version":0}}
debug:record//{"PrivilegeList":"SeSecurityPrivilege\r\n\t\t\tSeTakeOwnershipPrivilege\r\n\t\t\tSeLoadDriverPrivilege\r\n\t\t\tSeBackupPrivilege\r\n\t\t\tSeRestorePrivilege\r\n\t\t\tSeDebugPrivilege\r\n\t\t\tSeSystemEnvironmentPrivilege\r\n\t\t\tSeImpersonatePrivilege","SubjectDomainName":"IE8Win7","SubjectLogonId":"0x27f43","SubjectUserName":"IEUser","SubjectUserSid":"S-1-5-21-3463664321-2923530833-3546627382-1000"}
debug:record//"IEUser"
debug:record//{"EventData":{"PrivilegeList":"SeSecurityPrivilege\r\n\t\t\tSeTakeOwnershipPrivilege\r\n\t\t\tSeLoadDriverPrivilege\r\n\t\t\tSeBackupPrivilege\r\n\t\t\tSeRestorePrivilege\r\n\t\t\tSeDebugPrivilege\r\n\t\t\tSeSystemEnvironmentPrivilege\r\n\t\t\tSeImpersonatePrivilege","SubjectDomainName":"IE8Win7","SubjectLogonId":"0x27f43","SubjectUserName":"IEUser","SubjectUserSid":"S-1-5-21-3463664321-2923530833-3546627382-1000"},"System":{"Channel":"Security","Computer":"IE8Win7","Correlation":null,"EventID":4672,"EventRecordID":1068,"Execution_attributes":{"ProcessID":544,"ThreadID":592},"Keywords":"0x8020000000000000","Level":0,"Opcode":0,"Provider_attributes":{"Guid":"54849625-5478-4994-A5BA-3E3B0328C30D","Name":"Microsoft-Windows-Security-Auditing"},"Security":null,"Task":12548,"TimeCreated_attributes":{"SystemTime":"2013-10-23T17:51:17.207250Z"},"Version":0}}
debug:record//{"PrivilegeList":"SeSecurityPrivilege\r\n\t\t\tSeTakeOwnershipPrivilege\r\n\t\t\tSeLoadDriverPrivilege\r\n\t\t\tSeBackupPrivilege\r\n\t\t\tSeRestorePrivilege\r\n\t\t\tSeDebugPrivilege\r\n\t\t\tSeSystemEnvironmentPrivilege\r\n\t\t\tSeImpersonatePrivilege","SubjectDomainName":"IE8Win7","SubjectLogonId":"0x27f43","SubjectUserName":"IEUser","SubjectUserSid":"S-1-5-21-3463664321-2923530833-3546627382-1000"}
debug:record//"0x27f43"
debug:record//{"EventData":{"TargetDomainName":"IE10WIN7","TargetLogonId":"0x1b2fd","TargetUserName":"IEUser","TargetUserSid":"S-1-5-21-3463664321-2923530833-3546627382-1000"},"System":{"Channel":"Security","Computer":"IE10Win7","Correlation":null,"EventID":4647,"EventRecordID":4778,"Execution_attributes":{"ProcessID":488,"ThreadID":3932},"Keywords":"0x8020000000000000","Level":0,"Opcode":0,"Provider_attributes":{"Guid":"54849625-5478-4994-A5BA-3E3B0328C30D","Name":"Microsoft-Windows-Security-Auditing"},"Security":null,"Task":12545,"TimeCreated_attributes":{"SystemTime":"2016-08-18T15:28:28.043562Z"},"Version":0}}
debug:record//{"TargetDomainName":"IE10WIN7","TargetLogonId":"0x1b2fd","TargetUserName":"IEUser","TargetUserSid":"S-1-5-21-3463664321-2923530833-3546627382-1000"}
debug:record//"IEUser"
debug:record//{"EventData":{"TargetDomainName":"IE10WIN7","TargetLogonId":"0x1b2fd","TargetUserName":"IEUser","TargetUserSid":"S-1-5-21-3463664321-2923530833-3546627382-1000"},"System":{"Channel":"Security","Computer":"IE10Win7","Correlation":null,"EventID":4647,"EventRecordID":4778,"Execution_attributes":{"ProcessID":488,"ThreadID":3932},"Keywords":"0x8020000000000000","Level":0,"Opcode":0,"Provider_attributes":{"Guid":"54849625-5478-4994-A5BA-3E3B0328C30D","Name":"Microsoft-Windows-Security-Auditing"},"Security":null,"Task":12545,"TimeCreated_attributes":{"SystemTime":"2016-08-18T15:28:28.043562Z"},"Version":0}}
debug:record//{"TargetDomainName":"IE10WIN7","TargetLogonId":"0x1b2fd","TargetUserName":"IEUser","TargetUserSid":"S-1-5-21-3463664321-2923530833-3546627382-1000"}
debug:record//"0x1b2fd"
