debug:record//{"EventData":{"PrivilegeList":"SeSecurityPrivilege\r\n\t\t\tSeTakeOwnershipPrivilege\r\n\t\t\tSeLoadDriverPrivilege\r\n\t\t\tSeBackupPrivilege\r\n\t\t\tSeRestorePrivilege\r\n\t\t\tSeDebugPrivilege\r\n\t\t\tSeSystemEnvironmentPrivilege\r\n\t\t\tSeImpersonatePrivilege","SubjectDomainName":"IE9WIN7","SubjectLogonId":"0x131c3","SubjectUserName":"IEUser","SubjectUserSid":"S-1-5-21-3463664321-2923530833-3546627382-1000"},"System":{"Channel":"Security","Computer":"IE9Win7","Correlation":null,"EventID":4672,"EventRecordID":4202,"Execution_attributes":{"ProcessID":496,"ThreadID":548},"Keywords":"0x8020000000000000","Level":0,"Opcode":0,"Provider_attributes":{"Guid":"54849625-5478-4994-A5BA-3E3B0328C30D","Name":"Microsoft-Windows-Security-Auditing"},"Security":null,"Task":12548,"TimeCreated_attributes":{"SystemTime":"2014-11-26T17:35:09.745125Z"},"Version":0}}
debug:record//{"PrivilegeList":"SeSecurityPrivilege\r\n\t\t\tSeTakeOwnershipPrivilege\r\n\t\t\tSeLoadDriverPrivilege\r\n\t\t\tSeBackupPrivilege\r\n\t\t\tSeRestorePrivilege\r\n\t\t\tSeDebugPrivilege\r\n\t\t\tSeSystemEnvironmentPrivilege\r\n\t\t\tSeImpersonatePrivilege","SubjectDomainName":"IE9WIN7","SubjectLogonId":"0x131c3","SubjectUserName":"IEUser","SubjectUserSid":"S-1-5-21-3463664321-2923530833-3546627382-1000"}
debug:record//"0x131c3"
debug:record//{"EventData":{"PrivilegeList":"SeSecurityPrivilege\r\n\t\t\tSeTakeOwnershipPrivilege\r\n\t\t\tSeLoadDriverPrivilege\r\n\t\t\tSeBackupPrivilege\r\n\t\t\tSeRestorePrivilege\r\n\t\t\tSeDebugPrivilege\r\n\t\t\tSeSystemEnvironmentPrivilege\r\n\t\t\tSeImpersonatePrivilege","SubjectDomainName":"IE9WIN7","SubjectLogonId":"0x36aed","SubjectUserName":"IEUser","SubjectUserSid":"S-1-5-21-3463664321-2923530833-3546627382-1000"},"System":{"Channel":"Security","Computer":"IE9Win7","Correlation":null,"EventID":4672,"EventRecordID":4495,"Execution_attributes":{"ProcessID":508,"ThreadID":556},"Keywords":"0x8020000000000000","Level":0,"Opcode":0,"Provider_attributes":{"Guid":"54849625-5478-4994-A5BA-3E3B0328C30D","Name":"Microsoft-Windows-Security-Auditing"},"Security":null,"Task":12548,"TimeCreated_attributes":{"SystemTime":"2014-11-26T17:44:39.689875Z"},"Version":0}}
debug:record//{"PrivilegeList":"SeSecurityPrivilege\r\n\t\t\tSeTakeOwnershipPrivilege\r\n\t\t\tSeLoadDriverPrivilege\r\n\t\t\tSeBackupPrivilege\r\n\t\t\tSeRestorePrivilege\r\n\t\t\tSeDebugPrivilege\r\n\t\t\tSeSystemEnvironmentPrivilege\r\n\t\t\tSeImpersonatePrivilege","SubjectDomainName":"IE9WIN7","SubjectLogonId":"0x36aed","SubjectUserName":"IEUser","SubjectUserSid":"S-1-5-21-3463664321-2923530833-3546627382-1000"}
debug:record//"IEUser"
debug:record//{"EventData":{"PrivilegeList":"SeSecurityPrivilege\r\n\t\t\tSeTakeOwnershipPrivilege\r\n\t\t\tSeLoadDriverPrivilege\r\n\t\t\tSeBackupPrivilege\r\n\t\t\tSeRestorePrivilege\r\n\t\t\tSeDebugPrivilege\r\n\t\t\tSeSystemEnvironmentPrivilege\r\n\t\t\tSeImpersonatePrivilege","SubjectDomainName":"IE9WIN7","SubjectLogonId":"0x36aed","SubjectUserName":"IEUser","SubjectUserSid":"S-1-5-21-3463664321-2923530833-3546627382-1000"},"System":{"Channel":"Security","Computer":"IE9Win7","Correlation":null,"EventID":4672,"EventRecordID":4495,"Execution_attributes":{"ProcessID":508,"ThreadID":556},"Keywords":"0x8020000000000000","Level":0,"Opcode":0,"Provider_attributes":{"Guid":"54849625-5478-4994-A5BA-3E3B0328C30D","Name":"Microsoft-Windows-Security-Auditing"},"Security":null,"Task":12548,"TimeCreated_attributes":{"SystemTime":"2014-11-26T17:44:39.689875Z"},"Version":0}}
debug:record//{"PrivilegeList":"SeSecurityPrivilege\r\n\t\t\tSeTakeOwnershipPrivilege\r\n\t\t\tSeLoadDriverPrivilege\r\n\t\t\tSeBackupPrivilege\r\n\t\t\tSeRestorePrivilege\r\n\t\t\tSeDebugPrivilege\r\n\t\t\tSeSystemEnvironmentPrivilege\r\n\t\t\tSeImpersonatePrivilege","SubjectDomainName":"IE9WIN7","SubjectLogonId":"0x36aed","SubjectUserName":"IEUser","SubjectUserSid":"S-1-5-21-3463664321-2923530833-3546627382-1000"}
debug:record//"0x36aed"
debug:record//{"EventData":{"PrivilegeList":"SeSecurityPrivilege\r\n\t\t\tSeTakeOwnershipPrivilege\r\n\t\t\tSeLoadDriverPrivilege\r\n\t\t\tSeBackupPrivilege\r\n\t\t\tSeRestorePrivilege\r\n\t\t\tSeDebugPrivilege\r\n\t\t\tSeSystemEnvironmentPrivilege\r\n\t\t\tSeImpersonatePrivilege","SubjectDomainName":"IE10WIN7","SubjectLogonId":"0x11c02","SubjectUserName":"IEUser","SubjectUserSid":"S-1-5-21-3463664321-2923530833-3546627382-1000"},"System":{"Channel":"Security","Computer":"IE10Win7","Correlation":null,"EventID":4672,"EventRecordID":4534,"Execution_attributes":{"ProcessID":512,"ThreadID":548},"Keywords":"0x8020000000000000","Level":0,"Opcode":0,"Provider_attributes":{"Guid":"54849625-5478-4994-A5BA-3E3B0328C30D","Name":"Microsoft-Windows-Security-Auditing"},"Security":null,"Task":12548,"TimeCreated_attributes":{"SystemTime":"2014-11-26T18:17:19.150250Z"},"Version":0}}
debug:record//{"PrivilegeList":"SeSecurityPrivilege\r\n\t\t\tSeTakeOwnershipPrivilege\r\n\t\t\tSeLoadDriverPrivilege\r\n\t\t\tSeBackupPrivilege\r\n\t\t\tSeRestorePrivilege\r\n\t\t\tSeDebugPrivilege\r\n\t\t\tSeSystemEnvironmentPrivilege\r\n\t\t\tSeImpersonatePrivilege","SubjectDomainName":"IE10WIN7","SubjectLogonId":"0x11c02","SubjectUserName":"IEUser","SubjectUserSid":"S-1-5-21-3463664321-2923530833-3546627382-1000"}
debug:record//"IEUser"
debug:record//{"EventData":{"PrivilegeList":"SeSecurityPrivilege\r\n\t\t\tSeTakeOwnershipPrivilege\r\n\t\t\tSeLoadDriverPrivilege\r\n\t\t\tSeBackupPrivilege\r\n\t\t\tSeRestorePrivilege\r\n\t\t\tSeDebugPrivilege\r\n\t\t\tSeSystemEnvironmentPrivilege\r\n\t\t\tSeImpersonatePrivilege","SubjectDomainName":"IE10WIN7","SubjectLogonId":"0x11c02","SubjectUserName":"IEUser","SubjectUserSid":"S-1-5-21-3463664321-2923530833-3546627382-1000"},"System":{"Channel":"Security","Computer":"IE10Win7","Correlation":null,"EventID":4672,"EventRecordID":4534,"Execution_attributes":{"ProcessID":512,"ThreadID":548},"Keywords":"0x8020000000000000","Level":0,"Opcode":0,"Provider_attributes":{"Guid":"54849625-5478-4994-A5BA-3E3B0328C30D","Name":"Microsoft-Windows-Security-Auditing"},"Security":null,"Task":12548,"TimeCreated_attributes":{"SystemTime":"2014-11-26T18:17:19.150250Z"},"Version":0}}
debug:record//{"PrivilegeList":"SeSecurityPrivilege\r\n\t\t\tSeTakeOwnershipPrivilege\r\n\t\t\tSeLoadDriverPrivilege\r\n\t\t\tSeBackupPrivilege\r\n\t\t\tSeRestorePrivilege\r\n\t\t\tSeDebugPrivilege\r\n\t\t\tSeSystemEnvironmentPrivilege\r\n\t\t\tSeImpersonatePrivilege","SubjectDomainName":"IE10WIN7","SubjectLogonId":"0x11c02","SubjectUserName":"IEUser","SubjectUserSid":"S-1-5-21-3463664321-2923530833-3546627382-1000"}
debug:record//"0x11c02"
debug:record//{"EventData":{"PrivilegeList":"SeSecurityPrivilege\r\n\t\t\tSeTakeOwnershipPrivilege\r\n\t\t\tSeLoadDriverPrivilege\r\n\t\t\tSeBackupPrivilege\r\n\t\t\tSeRestorePrivilege\r\n\t\t\tSeDebugPrivilege\r\n\t\t\tSeSystemEnvironmentPrivilege\r\n\t\t\tSeImpersonatePrivilege","SubjectDomainName":"IE10WIN7","SubjectLogonId":"0x170f5","SubjectUserName":"IEUser","SubjectUserSid":"S-1-5-21-3463664321-2923530833-3546627382-1000"},"System":{"Channel":"Security","Computer":"IE10Win7","Correlation":null,"EventID":4672,"EventRecordID":4572,"Execution_attributes":{"ProcessID":456,"ThreadID":500},"Keywords":"0x8020000000000000","Level":0,"Opcode":0,"Provider_attributes":{"Guid":"54849625-5478-4994-A5BA-3E3B0328C30D","Name":"Microsoft-Windows-Security-Auditing"},"Security":null,"Task":12548,"TimeCreated_attributes":{"SystemTime":"2014-11-26T23:21:50.498087Z"},"Version":0}}
debug:record//{"PrivilegeList":"SeSecurityPrivilege\r\n\t\t\tSeTakeOwnershipPrivilege\r\n\t\t\tSeLoadDriverPrivilege\r\n\t\t\tSeBackupPrivilege\r\n\t\t\tSeRestorePrivilege\r\n\t\t\tSeDebugPrivilege\r\n\t\t\tSeSystemEnvironmentPrivilege\r\n\t\t\tSeImpersonatePrivilege","SubjectDomainName":"IE10WIN7","SubjectLogonId":"0x170f5","SubjectUserName":"IEUser","SubjectUserSid":"S-1-5-21-3463664321-2923530833-3546627382-1000"}
debug:record//"IEUser"
debug:record//{"EventData":{"PrivilegeList":"SeSecurityPrivilege\r\n\t\t\tSeTakeOwnershipPrivilege\r\n\t\t\tSeLoadDriverPrivilege\r\n\t\t\tSeBackupPrivilege\r\n\t\t\tSeRestorePrivilege\r\n\t\t\tSeDebugPrivilege\r\n\t\t\tSeSystemEnvironmentPrivilege\r\n\t\t\tSeImpersonatePrivilege","SubjectDomainName":"IE10WIN7","SubjectLogonId":"0x170f5","SubjectUserName":"IEUser","SubjectUserSid":"S-1-5-21-3463664321-2923530833-3546627382-1000"},"System":{"Channel":"Security","Computer":"IE10Win7","Correlation":null,"EventID":4672,"EventRecordID":4572,"Execution_attributes":{"ProcessID":456,"ThreadID":500},"Keywords":"0x8020000000000000","Level":0,"Opcode":0,"Provider_attributes":{"Guid":"54849625-5478-4994-A5BA-3E3B0328C30D","Name":"Microsoft-Windows-Security-Auditing"},"Security":null,"Task":12548,"TimeCreated_attributes":{"SystemTime":"2014-11-26T23:21:50.498087Z"},"Version":0}}
debug:record//{"PrivilegeList":"SeSecurityPrivilege\r\n\t\t\tSeTakeOwnershipPrivilege\r\n\t\t\tSeLoadDriverPrivilege\r\n\t\t\tSeBackupPrivilege\r\n\t\t\tSeRestorePrivilege\r\n\t\t\tSeDebugPrivilege\r\n\t\t\tSeSystemEnvironmentPrivilege\r\n\t\t\tSeImpersonatePrivilege","SubjectDomainName":"IE10WIN7","SubjectLogonId":"0x170f5","SubjectUserName":"IEUser","SubjectUserSid":"S-1-5-21-3463664321-2923530833-3546627382-1000"}
debug:record//"0x170f5"
debug:record//{"EventData":{"PrivilegeList":"SeSecurityPrivilege\r\n\t\t\tSeTakeOwnershipPrivilege\r\n\t\t\tSeLoadDriverPrivilege\r\n\t\t\tSeBackupPrivilege\r\n\t\t\tSeRestorePrivilege\r\n\t\t\tSeDebugPrivilege\r\n\t\t\tSeSystemEnvironmentPrivilege\r\n\t\t\tSeImpersonatePrivilege","SubjectDomainName":"IE10WIN7","SubjectLogonId":"0x1ac86","SubjectUserName":"IEUser","SubjectUserSid":"S-1-5-21-3463664321-2923530833-3546627382-1000"},"System":{"Channel":"Security","Computer":"IE10Win7","Correlation":null,"EventID":4672,"EventRecordID":4617,"Execution_attributes":{"ProcessID":480,"ThreadID":524},"Keywords":"0x8020000000000000","Level":0,"Opcode":0,"Provider_attributes":{"Guid":"54849625-5478-4994-A5BA-3E3B0328C30D","Name":"Microsoft-Windows-Security-Auditing"},"Security":null,"Task":12548,"TimeCreated_attributes":{"SystemTime":"2014-11-26T23:25:55.414459Z"},"Version":0}}
debug:record//{"PrivilegeList":"SeSecurityPrivilege\r\n\t\t\tSeTakeOwnershipPrivilege\r\n\t\t\tSeLoadDriverPrivilege\r\n\t\t\tSeBackupPrivilege\r\n\t\t\tSeRestorePrivilege\r\n\t\t\tSeDebugPrivilege\r\n\t\t\tSeSystemEnvironmentPrivilege\r\n\t\t\tSeImpersonatePrivilege","SubjectDomainName":"IE10WIN7","SubjectLogonId":"0x1ac86","SubjectUserName":"IEUser","SubjectUserSid":"S-1-5-21-3463664321-2923530833-3546627382-1000"}
debug:record//"IEUser"
debug:record//{"EventData":{"PrivilegeList":"SeSecurityPrivilege\r\n\t\t\tSeTakeOwnershipPrivilege\r\n\t\t\tSeLoadDriverPrivilege\r\n\t\t\tSeBackupPrivilege\r\n\t\t\tSeRestorePrivilege\r\n\t\t\tSeDebugPrivilege\r\n\t\t\tSeSystemEnvironmentPrivilege\r\n\t\t\tSeImpersonatePrivilege","SubjectDomainName":"IE10WIN7","SubjectLogonId":"0x1ac86","SubjectUserName":"IEUser","SubjectUserSid":"S-1-5-21-3463664321-2923530833-3546627382-1000"},"System":{"Channel":"Security","Computer":"IE10Win7","Correlation":null,"EventID":4672,"EventRecordID":4617,"Execution_attributes":{"ProcessID":480,"ThreadID":524},"Keywords":"0x8020000000000000","Level":0,"Opcode":0,"Provider_attributes":{"Guid":"54849625-5478-4994-A5BA-3E3B0328C30D","Name":"Microsoft-Windows-Security-Auditing"},"Security":null,"Task":12548,"TimeCreated_attributes":{"SystemTime":"2014-11-26T23:25:55.414459Z"},"Version":0}}
debug:record//{"PrivilegeList":"SeSecurityPrivilege\r\n\t\t\tSeTakeOwnershipPrivilege\r\n\t\t\tSeLoadDriverPrivilege\r\n\t\t\tSeBackupPrivilege\r\n\t\t\tSeRestorePrivilege\r\n\t\t\tSeDebugPrivilege\r\n\t\t\tSeSystemEnvironmentPrivilege\r\n\t\t\tSeImpersonatePrivilege","SubjectDomainName":"IE10WIN7","SubjectLogonId":"0x1ac86","SubjectUserName":"IEUser","SubjectUserSid":"S-1-5-21-3463664321-2923530833-3546627382-1000"}
debug:record//"0x1ac86"
debug:record//{"EventData":{"PrivilegeList":"SeSecurityPrivilege\r\n\t\t\tSeTakeOwnershipPrivilege\r\n\t\t\tSeLoadDriverPrivilege\r\n\t\t\tSeBackupPrivilege\r\n\t\t\tSeRestorePrivilege\r\n\t\t\tSeDebugPrivilege\r\n\t\t\tSeSystemEnvironmentPrivilege\r\n\t\t\tSeImpersonatePrivilege","SubjectDomainName":"IE10WIN7","SubjectLogonId":"0x1a23a","SubjectUserName":"IEUser","SubjectUserSid":"S-1-5-21-3463664321-2923530833-3546627382-1000"},"System":{"Channel":"Security","Computer":"IE10Win7","Correlation":null,"EventID":4672,"EventRecordID":4651,"Execution_attributes":{"ProcessID":492,"ThreadID":528},"Keywords":"0x8020000000000000","Level":0,"Opcode":0,"Provider_attributes":{"Guid":"54849625-5478-4994-A5BA-3E3B0328C30D","Name":"Microsoft-Windows-Security-Auditing"},"Security":null,"Task":12548,"TimeCreated_attributes":{"SystemTime":"2014-11-28T15:46:12.437668Z"},"Version":0}}
debug:record//{"PrivilegeList":"SeSecurityPrivilege\r\n\t\t\tSeTakeOwnershipPrivilege\r\n\t\t\tSeLoadDriverPrivilege\r\n\t\t\tSeBackupPrivilege\r\n\t\t\tSeRestorePrivilege\r\n\t\t\tSeDebugPrivilege\r\n\t\t\tSeSystemEnvironmentPrivilege\r\n\t\t\tSeImpersonatePrivilege","SubjectDomainName":"IE10WIN7","SubjectLogonId":"0x1a23a","SubjectUserName":"IEUser","SubjectUserSid":"S-1-5-21-3463664321-2923530833-3546627382-1000"}
debug:record//"IEUser"
debug:record//{"EventData":{"PrivilegeList":"SeSecurityPrivilege\r\n\t\t\tSeTakeOwnershipPrivilege\r\n\t\t\tSeLoadDriverPrivilege\r\n\t\t\tSeBackupPrivilege\r\n\t\t\tSeRestorePrivilege\r\n\t\t\tSeDebugPrivilege\r\n\t\t\tSeSystemEnvironmentPrivilege\r\n\t\t\tSeImpersonatePrivilege","SubjectDomainName":"IE10WIN7","SubjectLogonId":"0x1a23a","SubjectUserName":"IEUser","SubjectUserSid":"S-1-5-21-3463664321-2923530833-3546627382-1000"},"System":{"Channel":"Security","Computer":"IE10Win7","Correlation":null,"EventID":4672,"EventRecordID":4651,"Execution_attributes":{"ProcessID":492,"ThreadID":528},"Keywords":"0x8020000000000000","Level":0,"Opcode":0,"Provider_attributes":{"Guid":"54849625-5478-4994-A5BA-3E3B0328C30D","Name":"Microsoft-Windows-Security-Auditing"},"Security":null,"Task":12548,"TimeCreated_attributes":{"SystemTime":"2014-11-28T15:46:12.437668Z"},"Version":0}}
debug:record//{"PrivilegeList":"SeSecurityPrivilege\r\n\t\t\tSeTakeOwnershipPrivilege\r\n\t\t\tSeLoadDriverPrivilege\r\n\t\t\tSeBackupPrivilege\r\n\t\t\tSeRestorePrivilege\r\n\t\t\tSeDebugPrivilege\r\n\t\t\tSeSystemEnvironmentPrivilege\r\n\t\t\tSeImpersonatePrivilege","SubjectDomainName":"IE10WIN7","SubjectLogonId":"0x1a23a","SubjectUserName":"IEUser","SubjectUserSid":"S-1-5-21-3463664321-2923530833-3546627382-1000"}
debug:record//"0x1a23a"
debug:record//{"EventData":{"PrivilegeList":"SeSecurityPrivilege\r\n\t\t\tSeTakeOwnershipPrivilege\r\n\t\t\tSeLoadDriverPrivilege\r\n\t\t\tSeBackupPrivilege\r\n\t\t\tSeRestorePrivilege\r\n\t\t\tSeDebugPrivilege\r\n\t\t\tSeSystemEnvironmentPrivilege\r\n\t\t\tSeImpersonatePrivilege","SubjectDomainName":"IE10WIN7","SubjectLogonId":"0x1e056","SubjectUserName":"IEUser","SubjectUserSid":"S-1-5-21-3463664321-2923530833-3546627382-1000"},"System":{"Channel":"Security","Computer":"IE10Win7","Correlation":null,"EventID":4672,"EventRecordID":4689,"Execution_attributes":{"ProcessID":484,"ThreadID":564},"Keywords":"0x8020000000000000","Level":0,"Opcode":0,"Provider_attributes":{"Guid":"54849625-5478-4994-A5BA-3E3B0328C30D","Name":"Microsoft-Windows-Security-Auditing"},"Security":null,"Task":12548,"TimeCreated_attributes":{"SystemTime":"2016-08-18T14:46:21.750125Z"},"Version":0}}
debug:record//{"PrivilegeList":"SeSecurityPrivilege\r\n\t\t\tSeTakeOwnershipPrivilege\r\n\t\t\tSeLoadDriverPrivilege\r\n\t\t\tSeBackupPrivilege\r\n\t\t\tSeRestorePrivilege\r\n\t\t\tSeDebugPrivilege\r\n\t\t\tSeSystemEnvironmentPrivilege\r\n\t\t\tSeImpersonatePrivilege","SubjectDomainName":"IE10WIN7","SubjectLogonId":"0x1e056","SubjectUserName":"IEUser","SubjectUserSid":"S-1-5-21-3463664321-2923530833-3546627382-1000"}
debug:record//"IEUser"
debug:record//{"EventData":{"PrivilegeList":"SeSecurityPrivilege\r\n\t\t\tSeTakeOwnershipPrivilege\r\n\t\t\tSeLoadDriverPrivilege\r\n\t\t\tSeBackupPrivilege\r\n\t\t\tSeRestorePrivilege\r\n\t\t\tSeDebugPrivilege\r\n\t\t\tSeSystemEnvironmentPrivilege\r\n\t\t\tSeImpersonatePrivilege","SubjectDomainName":"IE10WIN7","SubjectLogonId":"0x1e056","SubjectUserName":"IEUser","SubjectUserSid":"S-1-5-21-3463664321-2923530833-3546627382-1000"},"System":{"Channel":"Security","Computer":"IE10Win7","Correlation":null,"EventID":4672,"EventRecordID":4689,"Execution_attributes":{"ProcessID":484,"ThreadID":564},"Keywords":"0x8020000000000000","Level":0,"Opcode":0,"Provider_attributes":{"Guid":"54849625-5478-4994-A5BA-3E3B0328C30D","Name":"Microsoft-Windows-Security-Auditing"},"Security":null,"Task":12548,"TimeCreated_attributes":{"SystemTime":"2016-08-18T14:46:21.750125Z"},"Version":0}}
debug:record//{"PrivilegeList":"SeSecurityPrivilege\r\n\t\t\tSeTakeOwnershipPrivilege\r\n\t\t\tSeLoadDriverPrivilege\r\n\t\t\tSeBackupPrivilege\r\n\t\t\tSeRestorePrivilege\r\n\t\t\tSeDebugPrivilege\r\n\t\t\tSeSystemEnvironmentPrivilege\r\n\t\t\tSeImpersonatePrivilege","SubjectDomainName":"IE10WIN7","SubjectLogonId":"0x1e056","SubjectUserName":"IEUser","SubjectUserSid":"S-1-5-21-3463664321-2923530833-3546627382-1000"}
debug:record//"0x1e056"
debug:record//{"EventData":{"PrivilegeList":"SeSecurityPrivilege\r\n\t\t\tSeTakeOwnershipPrivilege\r\n\t\t\tSeLoadDriverPrivilege\r\n\t\t\tSeBackupPrivilege\r\n\t\t\tSeRestorePrivilege\r\n\t\t\tSeDebugPrivilege\r\n\t\t\tSeSystemEnvironmentPrivilege\r\n\t\t\tSeImpersonatePrivilege","SubjectDomainName":"IE10WIN7","SubjectLogonId":"0x6831f","SubjectUserName":"IEUser","SubjectUserSid":"S-1-5-21-3463664321-2923530833-3546627382-1000"},"System":{"Channel":"Security","Computer":"IE10Win7","Correlation":null,"EventID":4672,"EventRecordID":4702,"Execution_attributes":{"ProcessID":484,"ThreadID":776},"Keywords":"0x8020000000000000","Level":0,"Opcode":0,"Provider_attributes":{"Guid":"54849625-5478-4994-A5BA-3E3B0328C30D","Name":"Microsoft-Windows-Security-Auditing"},"Security":null,"Task":12548,"TimeCreated_attributes":{"SystemTime":"2016-08-18T14:47:04.676882Z"},"Version":0}}
debug:record//{"PrivilegeList":"SeSecurityPrivilege\r\n\t\t\tSeTakeOwnershipPrivilege\r\n\t\t\tSeLoadDriverPrivilege\r\n\t\t\tSeBackupPrivilege\r\n\t\t\tSeRestorePrivilege\r\n\t\t\tSeDebugPrivilege\r\n\t\t\tSeSystemEnvironmentPrivilege\r\n\t\t\tSeImpersonatePrivilege","SubjectDomainName":"IE10WIN7","SubjectLogonId":"0x6831f","SubjectUserName":"IEUser","SubjectUserSid":"S-1-5-21-3463664321-2923530833-3546627382-1000"}
debug:record//"IEUser"
debug:record//{"EventData":{"PrivilegeList":"SeSecurityPrivilege\r\n\t\t\tSeTakeOwnershipPrivilege\r\n\t\t\tSeLoadDriverPrivilege\r\n\t\t\tSeBackupPrivilege\r\n\t\t\tSeRestorePrivilege\r\n\t\t\tSeDebugPrivilege\r\n\t\t\tSeSystemEnvironmentPrivilege\r\n\t\t\tSeImpersonatePrivilege","SubjectDomainName":"IE10WIN7","SubjectLogonId":"0x6831f","SubjectUserName":"IEUser","SubjectUserSid":"S-1-5-21-3463664321-2923530833-3546627382-1000"},"System":{"Channel":"Security","Computer":"IE10Win7","Correlation":null,"EventID":4672,"EventRecordID":4702,"Execution_attributes":{"ProcessID":484,"ThreadID":776},"Keywords":"0x8020000000000000","Level":0,"Opcode":0,"Provider_attributes":{"Guid":"54849625-5478-4994-A5BA-3E3B0328C30D","Name":"Microsoft-Windows-Security-Auditing"},"Security":null,"Task":12548,"TimeCreated_attributes":{"SystemTime":"2016-08-18T14:47:04.676882Z"},"Version":0}}
debug:record//{"PrivilegeList":"SeSecurityPrivilege\r\n\t\t\tSeTakeOwnershipPrivilege\r\n\t\t\tSeLoadDriverPrivilege\r\n\t\t\tSeBackupPrivilege\r\n\t\t\tSeRestorePrivilege\r\n\t\t\tSeDebugPrivilege\r\n\t\t\tSeSystemEnvironmentPrivilege\r\n\t\t\tSeImpersonatePrivilege","SubjectDomainName":"IE10WIN7","SubjectLogonId":"0x6831f","SubjectUserName":"IEUser","SubjectUserSid":"S-1-5-21-3463664321-2923530833-3546627382-1000"}
debug:record//"0x6831f"
debug:record//{"EventData":{"PrivilegeList":"SeSecurityPrivilege\r\n\t\t\tSeTakeOwnershipPrivilege\r\n\t\t\tSeLoadDriverPrivilege\r\n\t\t\tSeBackupPrivilege\r\n\t\t\tSeRestorePrivilege\r\n\t\t\tSeDebugPrivilege\r\n\t\t\tSeSystemEnvironmentPrivilege\r\n\t\t\tSeImpersonatePrivilege","SubjectDomainName":"IE10WIN7","SubjectLogonId":"0x1dc1e","SubjectUserName":"IEUser","SubjectUserSid":"S-1-5-21-3463664321-2923530833-3546627382-1000"},"System":{"Channel":"Security","Computer":"IE10Win7","Correlation":null,"EventID":4672,"EventRecordID":4731,"Execution_attributes":{"ProcessID":484,"ThreadID":524},"Keywords":"0x8020000000000000","Level":0,"Opcode":0,"Provider_attributes":{"Guid":"54849625-5478-4994-A5BA-3E3B0328C30D","Name":"Microsoft-Windows-Security-Auditing"},"Security":null,"Task":12548,"TimeCreated_attributes":{"SystemTime":"2016-08-18T14:47:38.430125Z"},"Version":0}}
debug:record//{"PrivilegeList":"SeSecurityPrivilege\r\n\t\t\tSeTakeOwnershipPrivilege\r\n\t\t\tSeLoadDriverPrivilege\r\n\t\t\tSeBackupPrivilege\r\n\t\t\tSeRestorePrivilege\r\n\t\t\tSeDebugPrivilege\r\n\t\t\tSeSystemEnvironmentPrivilege\r\n\t\t\tSeImpersonatePrivilege","SubjectDomainName":"IE10WIN7","SubjectLogonId":"0x1dc1e","SubjectUserName":"IEUser","SubjectUserSid":"S-1-5-21-3463664321-2923530833-3546627382-1000"}
debug:record//"IEUser"
debug:record//{"EventData":{"PrivilegeList":"SeSecurityPrivilege\r\n\t\t\tSeTakeOwnershipPrivilege\r\n\t\t\tSeLoadDriverPrivilege\r\n\t\t\tSeBackupPrivilege\r\n\t\t\tSeRestorePrivilege\r\n\t\t\tSeDebugPrivilege\r\n\t\t\tSeSystemEnvironmentPrivilege\r\n\t\t\tSeImpersonatePrivilege","SubjectDomainName":"IE10WIN7","SubjectLogonId":"0x1dc1e","SubjectUserName":"IEUser","SubjectUserSid":"S-1-5-21-3463664321-2923530833-3546627382-1000"},"System":{"Channel":"Security","Computer":"IE10Win7","Correlation":null,"EventID":4672,"EventRecordID":4731,"Execution_attributes":{"ProcessID":484,"ThreadID":524},"Keywords":"0x8020000000000000","Level":0,"Opcode":0,"Provider_attributes":{"Guid":"54849625-5478-4994-A5BA-3E3B0328C30D","Name":"Microsoft-Windows-Security-Auditing"},"Security":null,"Task":12548,"TimeCreated_attributes":{"SystemTime":"2016-08-18T14:47:38.430125Z"},"Version":0}}
debug:record//{"PrivilegeList":"SeSecurityPrivilege\r\n\t\t\tSeTakeOwnershipPrivilege\r\n\t\t\tSeLoadDriverPrivilege\r\n\t\t\tSeBackupPrivilege\r\n\t\t\tSeRestorePrivilege\r\n\t\t\tSeDebugPrivilege\r\n\t\t\tSeSystemEnvironmentPrivilege\r\n\t\t\tSeImpersonatePrivilege","SubjectDomainName":"IE10WIN7","SubjectLogonId":"0x1dc1e","SubjectUserName":"IEUser","SubjectUserSid":"S-1-5-21-3463664321-2923530833-3546627382-1000"}
debug:record//"0x1dc1e"
debug:record//{"EventData":{"PrivilegeList":"SeSecurityPrivilege\r\n\t\t\tSeTakeOwnershipPrivilege\r\n\t\t\tSeLoadDriverPrivilege\r\n\t\t\tSeBackupPrivilege\r\n\t\t\tSeRestorePrivilege\r\n\t\t\tSeDebugPrivilege\r\n\t\t\tSeSystemEnvironmentPrivilege\r\n\t\t\tSeImpersonatePrivilege","SubjectDomainName":"IE10WIN7","SubjectLogonId":"0x1b293","SubjectUserName":"IEUser","SubjectUserSid":"S-1-5-21-3463664321-2923530833-3546627382-1000"},"System":{"Channel":"Security","Computer":"IE10Win7","Correlation":null,"EventID":4672,"EventRecordID":4765,"Execution_attributes":{"ProcessID":488,"ThreadID":800},"Keywords":"0x8020000000000000","Level":0,"Opcode":0,"Provider_attributes":{"Guid":"54849625-5478-4994-A5BA-3E3B0328C30D","Name":"Microsoft-Windows-Security-Auditing"},"Security":null,"Task":12548,"TimeCreated_attributes":{"SystemTime":"2016-08-18T14:49:40.000250Z"},"Version":0}}
debug:record//{"PrivilegeList":"SeSecurityPrivilege\r\n\t\t\tSeTakeOwnershipPrivilege\r\n\t\t\tSeLoadDriverPrivilege\r\n\t\t\tSeBackupPrivilege\r\n\t\t\tSeRestorePrivilege\r\n\t\t\tSeDebugPrivilege\r\n\t\t\tSeSystemEnvironmentPrivilege\r\n\t\t\tSeImpersonatePrivilege","SubjectDomainName":"IE10WIN7","SubjectLogonId":"0x1b293","SubjectUserName":"IEUser","SubjectUserSid":"S-1-5-21-3463664321-2923530833-3546627382-1000"}
debug:record//"IEUser"
debug:record//{"EventData":{"PrivilegeList":"SeSecurityPrivilege\r\n\t\t\tSeTakeOwnershipPrivilege\r\n\t\t\tSeLoadDriverPrivilege\r\n\t\t\tSeBackupPrivilege\r\n\t\t\tSeRestorePrivilege\r\n\t\t\tSeDebugPrivilege\r\n\t\t\tSeSystemEnvironmentPrivilege\r\n\t\t\tSeImpersonatePrivilege","SubjectDomainName":"IE10WIN7","SubjectLogonId":"0x1b293","SubjectUserName":"IEUser","SubjectUserSid":"S-1-5-21-3463664321-2923530833-3546627382-1000"},"System":{"Channel":"Security","Computer":"IE10Win7","Correlation":null,"EventID":4672,"EventRecordID":4765,"Execution_attributes":{"ProcessID":488,"ThreadID":800},"Keywords":"0x8020000000000000","Level":0,"Opcode":0,"Provider_attributes":{"Guid":"54849625-5478-4994-A5BA-3E3B0328C30D","Name":"Microsoft-Windows-Security-Auditing"},"Security":null,"Task":12548,"TimeCreated_attributes":{"SystemTime":"2016-08-18T14:49:40.000250Z"},"Version":0}}
debug:record//{"PrivilegeList":"SeSecurityPrivilege\r\n\t\t\tSeTakeOwnershipPrivilege\r\n\t\t\tSeLoadDriverPrivilege\r\n\t\t\tSeBackupPrivilege\r\n\t\t\tSeRestorePrivilege\r\n\t\t\tSeDebugPrivilege\r\n\t\t\tSeSystemEnvironmentPrivilege\r\n\t\t\tSeImpersonatePrivilege","SubjectDomainName":"IE10WIN7","SubjectLogonId":"0x1b293","SubjectUserName":"IEUser","SubjectUserSid":"S-1-5-21-3463664321-2923530833-3546627382-1000"}
debug:record//"0x1b293"
debug:record//{"EventData":{"PrivilegeList":"SeSecurityPrivilege\r\n\t\t\tSeTakeOwnershipPrivilege\r\n\t\t\tSeLoadDriverPrivilege\r\n\t\t\tSeBackupPrivilege\r\n\t\t\tSeRestorePrivilege\r\n\t\t\tSeDebugPrivilege\r\n\t\t\tSeSystemEnvironmentPrivilege\r\n\t\t\tSeImpersonatePrivilege","SubjectDomainName":"IE10WIN7","SubjectLogonId":"0x1aae1","SubjectUserName":"IEUser","SubjectUserSid":"S-1-5-21-3463664321-2923530833-3546627382-1000"},"System":{"Channel":"Security","Computer":"IE10Win7","Correlation":null,"EventID":4672,"EventRecordID":4806,"Execution_attributes":{"ProcessID":484,"ThreadID":564},"Keywords":"0x8020000000000000","Level":0,"Opcode":0,"Provider_attributes":{"Guid":"54849625-5478-4994-A5BA-3E3B0328C30D","Name":"Microsoft-Windows-Security-Auditing"},"Security":null,"Task":12548,"TimeCreated_attributes":{"SystemTime":"2016-08-18T15:29:29.859375Z"},"Version":0}}
debug:record//{"PrivilegeList":"SeSecurityPrivilege\r\n\t\t\tSeTakeOwnershipPrivilege\r\n\t\t\tSeLoadDriverPrivilege\r\n\t\t\tSeBackupPrivilege\r\n\t\t\tSeRestorePrivilege\r\n\t\t\tSeDebugPrivilege\r\n\t\t\tSeSystemEnvironmentPrivilege\r\n\t\t\tSeImpersonatePrivilege","SubjectDomainName":"IE10WIN7","SubjectLogonId":"0x1aae1","SubjectUserName":"IEUser","SubjectUserSid":"S-1-5-21-3463664321-2923530833-3546627382-1000"}
debug:record//"IEUser"
debug:record//{"EventData":{"PrivilegeList":"SeSecurityPrivilege\r\n\t\t\tSeTakeOwnershipPrivilege\r\n\t\t\tSeLoadDriverPrivilege\r\n\t\t\tSeBackupPrivilege\r\n\t\t\tSeRestorePrivilege\r\n\t\t\tSeDebugPrivilege\r\n\t\t\tSeSystemEnvironmentPrivilege\r\n\t\t\tSeImpersonatePrivilege","SubjectDomainName":"IE10WIN7","SubjectLogonId":"0x1aae1","SubjectUserName":"IEUser","SubjectUserSid":"S-1-5-21-3463664321-2923530833-3546627382-1000"},"System":{"Channel":"Security","Computer":"IE10Win7","Correlation":null,"EventID":4672,"EventRecordID":4806,"Execution_attributes":{"ProcessID":484,"ThreadID":564},"Keywords":"0x8020000000000000","Level":0,"Opcode":0,"Provider_attributes":{"Guid":"54849625-5478-4994-A5BA-3E3B0328C30D","Name":"Microsoft-Windows-Security-Auditing"},"Security":null,"Task":12548,"TimeCreated_attributes":{"SystemTime":"2016-08-18T15:29:29.859375Z"},"Version":0}}
debug:record//{"PrivilegeList":"SeSecurityPrivilege\r\n\t\t\tSeTakeOwnershipPrivilege\r\n\t\t\tSeLoadDriverPrivilege\r\n\t\t\tSeBackupPrivilege\r\n\t\t\tSeRestorePrivilege\r\n\t\t\tSeDebugPrivilege\r\n\t\t\tSeSystemEnvironmentPrivilege\r\n\t\t\tSeImpersonatePrivilege","SubjectDomainName":"IE10WIN7","SubjectLogonId":"0x1aae1","SubjectUserName":"IEUser","SubjectUserSid":"S-1-5-21-3463664321-2923530833-3546627382-1000"}
debug:record//"0x1aae1"
debug:record//{"System":{"Channel":"Security","Computer":"IE10Win7","Correlation":null,"EventID":1102,"EventRecordID":13677,"Execution_attributes":{"ProcessID":824,"ThreadID":3504},"Keywords":"0x4020000000000000","Level":4,"Opcode":0,"Provider_attributes":{"Guid":"{fc65ddd8-d6ef-4962-83d5-6e5cfe9ce148}","Name":"Microsoft-Windows-Eventlog"},"Security":null,"Task":104,"TimeCreated_attributes":{"SystemTime":"2016-09-21T03:40:37.088867Z"},"Version":0},"UserData":{"LogFileCleared":{"SubjectDomainName":"IE10WIN7","SubjectLogonId":"0x68314","SubjectUserName":"IEUser","SubjectUserSid":"S-1-5-21-3463664321-2923530833-3546627382-1000"},"LogFileCleared_attributes":{"xmlns":"http://manifests.microsoft.com/win/2004/08/windows/eventlog","xmlns:auto-ns3":"http://schemas.microsoft.com/win/2004/08/events"}}}
debug:record//{"System":{"Channel":"System","Computer":"IE10Win7","Correlation":null,"EventID":104,"EventRecordID":8622,"Execution_attributes":{"ProcessID":824,"ThreadID":2648},"Keywords":"0x8000000000000000","Level":4,"Opcode":0,"Provider_attributes":{"Guid":"{fc65ddd8-d6ef-4962-83d5-6e5cfe9ce148}","Name":"Microsoft-Windows-Eventlog"},"Security_attributes":{"UserID":"S-1-5-21-3463664321-2923530833-3546627382-1000"},"Task":104,"TimeCreated_attributes":{"SystemTime":"2016-09-21T03:40:41.865234Z"},"Version":0},"UserData":{"LogFileCleared":{"BackupPath":"","Channel":"System","SubjectDomainName":"IE10WIN7","SubjectUserName":"IEUser"},"LogFileCleared_attributes":{"xmlns":"http://manifests.microsoft.com/win/2004/08/windows/eventlog","xmlns:auto-ns3":"http://schemas.microsoft.com/win/2004/08/events"}}}
debug:record//{"System":{"Channel":"Security","Computer":"IE10Win7","Correlation":null,"EventID":1102,"EventRecordID":13276,"Execution_attributes":{"ProcessID":728,"ThreadID":2296},"Keywords":"0x4020000000000000","Level":4,"Opcode":0,"Provider_attributes":{"Guid":"{fc65ddd8-d6ef-4962-83d5-6e5cfe9ce148}","Name":"Microsoft-Windows-Eventlog"},"Security":null,"Task":104,"TimeCreated_attributes":{"SystemTime":"2016-09-20T16:33:53.404296Z"},"Version":0},"UserData":{"LogFileCleared":{"SubjectDomainName":"IE10WIN7","SubjectLogonId":"0x6793c","SubjectUserName":"IEUser","SubjectUserSid":"S-1-5-21-3463664321-2923530833-3546627382-1000"},"LogFileCleared_attributes":{"xmlns":"http://manifests.microsoft.com/win/2004/08/windows/eventlog","xmlns:auto-ns3":"http://schemas.microsoft.com/win/2004/08/events"}}}
debug:record//{"System":{"Channel":"System","Computer":"IE10Win7","Correlation":null,"EventID":104,"EventRecordID":8423,"Execution_attributes":{"ProcessID":728,"ThreadID":2296},"Keywords":"0x8000000000000000","Level":4,"Opcode":0,"Provider_attributes":{"Guid":"{fc65ddd8-d6ef-4962-83d5-6e5cfe9ce148}","Name":"Microsoft-Windows-Eventlog"},"Security_attributes":{"UserID":"S-1-5-21-3463664321-2923530833-3546627382-1000"},"Task":104,"TimeCreated_attributes":{"SystemTime":"2016-09-20T16:34:04.272460Z"},"Version":0},"UserData":{"LogFileCleared":{"BackupPath":"","Channel":"System","SubjectDomainName":"IE10WIN7","SubjectUserName":"IEUser"},"LogFileCleared_attributes":{"xmlns":"http://manifests.microsoft.com/win/2004/08/windows/eventlog","xmlns:auto-ns3":"http://schemas.microsoft.com/win/2004/08/events"}}}
debug:record//{"System":{"Channel":"Security","Computer":"SANS-TBT570","Correlation":null,"EventID":1102,"EventRecordID":23133,"Execution_attributes":{"ProcessID":988,"ThreadID":304},"Keywords":"0x4020000000000000","Level":4,"Opcode":0,"Provider_attributes":{"Guid":"{fc65ddd8-d6ef-4962-83d5-6e5cfe9ce148}","Name":"Microsoft-Windows-Eventlog"},"Security":null,"Task":104,"TimeCreated_attributes":{"SystemTime":"2019-05-03T15:20:20.711131Z"},"Version":0},"UserData":{"LogFileCleared":{"SubjectDomainName":"SANS-TBT570","SubjectLogonId":"0x42c3d","SubjectUserName":"student","SubjectUserSid":"S-1-5-21-1552841522-3835366585-4197357653-1001"},"LogFileCleared_attributes":{"xmlns":"http://manifests.microsoft.com/win/2004/08/windows/eventlog"}}}
debug:record//{"EventData":{"LogonType":3,"TargetDomainName":"SANS-TBT570","TargetLogonId":"0x1861f7","TargetUserName":"tbt570","TargetUserSid":"S-1-5-21-1552841522-3835366585-4197357653-1004"},"System":{"Channel":"Security","Computer":"SANS-TBT570","Correlation":null,"EventID":4634,"EventRecordID":23136,"Execution_attributes":{"ProcessID":588,"ThreadID":636},"Keywords":"0x8020000000000000","Level":0,"Opcode":0,"Provider_attributes":{"Guid":"54849625-5478-4994-A5BA-3E3B0328C30D","Name":"Microsoft-Windows-Security-Auditing"},"Security":null,"Task":12545,"TimeCreated_attributes":{"SystemTime":"2019-05-03T15:20:28.308648Z"},"Version":0}}
debug:record//{"LogonType":3,"TargetDomainName":"SANS-TBT570","TargetLogonId":"0x1861f7","TargetUserName":"tbt570","TargetUserSid":"S-1-5-21-1552841522-3835366585-4197357653-1004"}
debug:record//"tbt570"
debug:record//{"EventData":{"LogonType":3,"TargetDomainName":"SANS-TBT570","TargetLogonId":"0x1861f7","TargetUserName":"tbt570","TargetUserSid":"S-1-5-21-1552841522-3835366585-4197357653-1004"},"System":{"Channel":"Security","Computer":"SANS-TBT570","Correlation":null,"EventID":4634,"EventRecordID":23136,"Execution_attributes":{"ProcessID":588,"ThreadID":636},"Keywords":"0x8020000000000000","Level":0,"Opcode":0,"Provider_attributes":{"Guid":"54849625-5478-4994-A5BA-3E3B0328C30D","Name":"Microsoft-Windows-Security-Auditing"},"Security":null,"Task":12545,"TimeCreated_attributes":{"SystemTime":"2019-05-03T15:20:28.308648Z"},"Version":0}}
debug:record//{"LogonType":3,"TargetDomainName":"SANS-TBT570","TargetLogonId":"0x1861f7","TargetUserName":"tbt570","TargetUserSid":"S-1-5-21-1552841522-3835366585-4197357653-1004"}
debug:record//"0x1861f7"
debug:record//{"EventData":{"PrivilegeList":"SeSecurityPrivilege\r\n\t\t\tSeBackupPrivilege\r\n\t\t\tSeRestorePrivilege\r\n\t\t\tSeTakeOwnershipPrivilege\r\n\t\t\tSeDebugPrivilege\r\n\t\t\tSeSystemEnvironmentPrivilege\r\n\t\t\tSeLoadDriverPrivilege\r\n\t\t\tSeImpersonatePrivilege\r\n\t\t\tSeDelegateSessionUserImpersonatePrivilege","SubjectDomainName":"SANS-TBT570","SubjectLogonId":"0x1861f7","SubjectUserName":"tbt570","SubjectUserSid":"S-1-5-21-1552841522-3835366585-4197357653-1004"},"System":{"Channel":"Security","Computer":"SANS-TBT570","Correlation_attributes":{"ActivityID":"3FA8B6E1-01C3-0000-1BB7-A83FC301D501"},"EventID":4672,"EventRecordID":23134,"Execution_attributes":{"ProcessID":588,"ThreadID":644},"Keywords":"0x8020000000000000","Level":0,"Opcode":0,"Provider_attributes":{"Guid":"54849625-5478-4994-A5BA-3E3B0328C30D","Name":"Microsoft-Windows-Security-Auditing"},"Security":null,"Task":12548,"TimeCreated_attributes":{"SystemTime":"2019-05-03T15:20:27.359794Z"},"Version":0}}
debug:record//{"PrivilegeList":"SeSecurityPrivilege\r\n\t\t\tSeBackupPrivilege\r\n\t\t\tSeRestorePrivilege\r\n\t\t\tSeTakeOwnershipPrivilege\r\n\t\t\tSeDebugPrivilege\r\n\t\t\tSeSystemEnvironmentPrivilege\r\n\t\t\tSeLoadDriverPrivilege\r\n\t\t\tSeImpersonatePrivilege\r\n\t\t\tSeDelegateSessionUserImpersonatePrivilege","SubjectDomainName":"SANS-TBT570","SubjectLogonId":"0x1861f7","SubjectUserName":"tbt570","SubjectUserSid":"S-1-5-21-1552841522-3835366585-4197357653-1004"}
debug:record//"tbt570"
debug:record//{"EventData":{"PrivilegeList":"SeSecurityPrivilege\r\n\t\t\tSeBackupPrivilege\r\n\t\t\tSeRestorePrivilege\r\n\t\t\tSeTakeOwnershipPrivilege\r\n\t\t\tSeDebugPrivilege\r\n\t\t\tSeSystemEnvironmentPrivilege\r\n\t\t\tSeLoadDriverPrivilege\r\n\t\t\tSeImpersonatePrivilege\r\n\t\t\tSeDelegateSessionUserImpersonatePrivilege","SubjectDomainName":"SANS-TBT570","SubjectLogonId":"0x1861f7","SubjectUserName":"tbt570","SubjectUserSid":"S-1-5-21-1552841522-3835366585-4197357653-1004"},"System":{"Channel":"Security","Computer":"SANS-TBT570","Correlation_attributes":{"ActivityID":"3FA8B6E1-01C3-0000-1BB7-A83FC301D501"},"EventID":4672,"EventRecordID":23134,"Execution_attributes":{"ProcessID":588,"ThreadID":644},"Keywords":"0x8020000000000000","Level":0,"Opcode":0,"Provider_attributes":{"Guid":"54849625-5478-4994-A5BA-3E3B0328C30D","Name":"Microsoft-Windows-Security-Auditing"},"Security":null,"Task":12548,"TimeCreated_attributes":{"SystemTime":"2019-05-03T15:20:27.359794Z"},"Version":0}}
debug:record//{"PrivilegeList":"SeSecurityPrivilege\r\n\t\t\tSeBackupPrivilege\r\n\t\t\tSeRestorePrivilege\r\n\t\t\tSeTakeOwnershipPrivilege\r\n\t\t\tSeDebugPrivilege\r\n\t\t\tSeSystemEnvironmentPrivilege\r\n\t\t\tSeLoadDriverPrivilege\r\n\t\t\tSeImpersonatePrivilege\r\n\t\t\tSeDelegateSessionUserImpersonatePrivilege","SubjectDomainName":"SANS-TBT570","SubjectLogonId":"0x1861f7","SubjectUserName":"tbt570","SubjectUserSid":"S-1-5-21-1552841522-3835366585-4197357653-1004"}
debug:record//"0x1861f7"
debug:record//{"System":{"Channel":"Security","Computer":"Sec504Student","Correlation":null,"EventID":1102,"EventRecordID":8934,"Execution_attributes":{"ProcessID":416,"ThreadID":2984},"Keywords":"0x4020000000000000","Level":4,"Opcode":0,"Provider_attributes":{"Guid":"{fc65ddd8-d6ef-4962-83d5-6e5cfe9ce148}","Name":"Microsoft-Windows-Eventlog"},"Security":null,"Task":104,"TimeCreated_attributes":{"SystemTime":"2019-04-30T18:08:22.618193Z"},"Version":0},"UserData":{"LogFileCleared":{"SubjectDomainName":"SEC504STUDENT","SubjectLogonId":"0x1e3dd","SubjectUserName":"Sec504","SubjectUserSid":"S-1-5-21-2977773840-2930198165-1551093962-1000"},"LogFileCleared_attributes":{"xmlns":"http://manifests.microsoft.com/win/2004/08/windows/eventlog"}}}
debug:record//{"System":{"Channel":"Security","Computer":"SANS-TBT570","Correlation":null,"EventID":1102,"EventRecordID":22803,"Execution_attributes":{"ProcessID":968,"ThreadID":244},"Keywords":"0x4020000000000000","Level":4,"Opcode":0,"Provider_attributes":{"Guid":"{fc65ddd8-d6ef-4962-83d5-6e5cfe9ce148}","Name":"Microsoft-Windows-Eventlog"},"Security":null,"Task":104,"TimeCreated_attributes":{"SystemTime":"2019-05-02T17:21:42.678068Z"},"Version":0},"UserData":{"LogFileCleared":{"SubjectDomainName":"SANS-TBT570","SubjectLogonId":"0x30d89","SubjectUserName":"student","SubjectUserSid":"S-1-5-21-1552841522-3835366585-4197357653-1001"},"LogFileCleared_attributes":{"xmlns":"http://manifests.microsoft.com/win/2004/08/windows/eventlog"}}}
debug:record//{"EventData":{"AccountExpires":"%%1794","AllowedToDelegateTo":"-","DisplayName":"%%1793","HomeDirectory":"%%1793","HomePath":"%%1793","LogonHours":"%%1797","NewUacValue":"0x15","OldUacValue":"0x0","PasswordLastSet":"%%1794","PrimaryGroupId":"513","PrivilegeList":"-","ProfilePath":"%%1793","SamAccountName":"IEUser","ScriptPath":"%%1793","SidHistory":"-","SubjectDomainName":"WORKGROUP","SubjectLogonId":"0x3e7","SubjectUserName":"WIN-QALA5Q3KJ43$","SubjectUserSid":"S-1-5-18","TargetDomainName":"IE8Win7","TargetSid":"S-1-5-21-3463664321-2923530833-3546627382-1000","TargetUserName":"IEUser","UserAccountControl":"\r\n\t\t%%2080\r\n\t\t%%2082\r\n\t\t%%2084","UserParameters":"%%1793","UserPrincipalName":"-","UserWorkstations":"%%1793"},"System":{"Channel":"Security","Computer":"IE8Win7","Correlation":null,"EventID":4720,"EventRecordID":112,"Execution_attributes":{"ProcessID":508,"ThreadID":1032},"Keywords":"0x8020000000000000","Level":0,"Opcode":0,"Provider_attributes":{"Guid":"54849625-5478-4994-A5BA-3E3B0328C30D","Name":"Microsoft-Windows-Security-Auditing"},"Security":null,"Task":13824,"TimeCreated_attributes":{"SystemTime":"2013-10-23T16:22:39.973500Z"},"Version":0}}
debug:record//{"AccountExpires":"%%1794","AllowedToDelegateTo":"-","DisplayName":"%%1793","HomeDirectory":"%%1793","HomePath":"%%1793","LogonHours":"%%1797","NewUacValue":"0x15","OldUacValue":"0x0","PasswordLastSet":"%%1794","PrimaryGroupId":"513","PrivilegeList":"-","ProfilePath":"%%1793","SamAccountName":"IEUser","ScriptPath":"%%1793","SidHistory":"-","SubjectDomainName":"WORKGROUP","SubjectLogonId":"0x3e7","SubjectUserName":"WIN-QALA5Q3KJ43$","SubjectUserSid":"S-1-5-18","TargetDomainName":"IE8Win7","TargetSid":"S-1-5-21-3463664321-2923530833-3546627382-1000","TargetUserName":"IEUser","UserAccountControl":"\r\n\t\t%%2080\r\n\t\t%%2082\r\n\t\t%%2084","UserParameters":"%%1793","UserPrincipalName":"-","UserWorkstations":"%%1793"}
debug:record//"IEUser"
debug:record//{"EventData":{"AccountExpires":"%%1794","AllowedToDelegateTo":"-","DisplayName":"%%1793","HomeDirectory":"%%1793","HomePath":"%%1793","LogonHours":"%%1797","NewUacValue":"0x15","OldUacValue":"0x0","PasswordLastSet":"%%1794","PrimaryGroupId":"513","PrivilegeList":"-","ProfilePath":"%%1793","SamAccountName":"IEUser","ScriptPath":"%%1793","SidHistory":"-","SubjectDomainName":"WORKGROUP","SubjectLogonId":"0x3e7","SubjectUserName":"WIN-QALA5Q3KJ43$","SubjectUserSid":"S-1-5-18","TargetDomainName":"IE8Win7","TargetSid":"S-1-5-21-3463664321-2923530833-3546627382-1000","TargetUserName":"IEUser","UserAccountControl":"\r\n\t\t%%2080\r\n\t\t%%2082\r\n\t\t%%2084","UserParameters":"%%1793","UserPrincipalName":"-","UserWorkstations":"%%1793"},"System":{"Channel":"Security","Computer":"IE8Win7","Correlation":null,"EventID":4720,"EventRecordID":112,"Execution_attributes":{"ProcessID":508,"ThreadID":1032},"Keywords":"0x8020000000000000","Level":0,"Opcode":0,"Provider_attributes":{"Guid":"54849625-5478-4994-A5BA-3E3B0328C30D","Name":"Microsoft-Windows-Security-Auditing"},"Security":null,"Task":13824,"TimeCreated_attributes":{"SystemTime":"2013-10-23T16:22:39.973500Z"},"Version":0}}
debug:record//{"AccountExpires":"%%1794","AllowedToDelegateTo":"-","DisplayName":"%%1793","HomeDirectory":"%%1793","HomePath":"%%1793","LogonHours":"%%1797","NewUacValue":"0x15","OldUacValue":"0x0","PasswordLastSet":"%%1794","PrimaryGroupId":"513","PrivilegeList":"-","ProfilePath":"%%1793","SamAccountName":"IEUser","ScriptPath":"%%1793","SidHistory":"-","SubjectDomainName":"WORKGROUP","SubjectLogonId":"0x3e7","SubjectUserName":"WIN-QALA5Q3KJ43$","SubjectUserSid":"S-1-5-18","TargetDomainName":"IE8Win7","TargetSid":"S-1-5-21-3463664321-2923530833-3546627382-1000","TargetUserName":"IEUser","UserAccountControl":"\r\n\t\t%%2080\r\n\t\t%%2082\r\n\t\t%%2084","UserParameters":"%%1793","UserPrincipalName":"-","UserWorkstations":"%%1793"}
debug:record//"S-1-5-21-3463664321-2923530833-3546627382-1000"
debug:record//{"EventData":{"MemberName":"-","MemberSid":"S-1-5-21-3463664321-2923530833-3546627382-1000","PrivilegeList":"-","SubjectDomainName":"WORKGROUP","SubjectLogonId":"0x3e7","SubjectUserName":"WIN-QALA5Q3KJ43$","SubjectUserSid":"S-1-5-18","TargetDomainName":"Builtin","TargetSid":"S-1-5-32-544","TargetUserName":"Administrators"},"System":{"Channel":"Security","Computer":"IE8Win7","Correlation":null,"EventID":4732,"EventRecordID":116,"Execution_attributes":{"ProcessID":508,"ThreadID":1032},"Keywords":"0x8020000000000000","Level":0,"Opcode":0,"Provider_attributes":{"Guid":"54849625-5478-4994-A5BA-3E3B0328C30D","Name":"Microsoft-Windows-Security-Auditing"},"Security":null,"Task":13826,"TimeCreated_attributes":{"SystemTime":"2013-10-23T16:22:40.004750Z"},"Version":0}}
debug:record//{"MemberName":"-","MemberSid":"S-1-5-21-3463664321-2923530833-3546627382-1000","PrivilegeList":"-","SubjectDomainName":"WORKGROUP","SubjectLogonId":"0x3e7","SubjectUserName":"WIN-QALA5Q3KJ43$","SubjectUserSid":"S-1-5-18","TargetDomainName":"Builtin","TargetSid":"S-1-5-32-544","TargetUserName":"Administrators"}
debug:record//"-"
debug:record//{"EventData":{"MemberName":"-","MemberSid":"S-1-5-21-3463664321-2923530833-3546627382-1000","PrivilegeList":"-","SubjectDomainName":"WORKGROUP","SubjectLogonId":"0x3e7","SubjectUserName":"WIN-QALA5Q3KJ43$","SubjectUserSid":"S-1-5-18","TargetDomainName":"Builtin","TargetSid":"S-1-5-32-544","TargetUserName":"Administrators"},"System":{"Channel":"Security","Computer":"IE8Win7","Correlation":null,"EventID":4732,"EventRecordID":116,"Execution_attributes":{"ProcessID":508,"ThreadID":1032},"Keywords":"0x8020000000000000","Level":0,"Opcode":0,"Provider_attributes":{"Guid":"54849625-5478-4994-A5BA-3E3B0328C30D","Name":"Microsoft-Windows-Security-Auditing"},"Security":null,"Task":13826,"TimeCreated_attributes":{"SystemTime":"2013-10-23T16:22:40.004750Z"},"Version":0}}
debug:record//{"MemberName":"-","MemberSid":"S-1-5-21-3463664321-2923530833-3546627382-1000","PrivilegeList":"-","SubjectDomainName":"WORKGROUP","SubjectLogonId":"0x3e7","SubjectUserName":"WIN-QALA5Q3KJ43$","SubjectUserSid":"S-1-5-18","TargetDomainName":"Builtin","TargetSid":"S-1-5-32-544","TargetUserName":"Administrators"}
debug:record//"S-1-5-21-3463664321-2923530833-3546627382-1000"
debug:record//{"System":{"Channel":"Security","Computer":"DESKTOP-JR78RLP","Correlation":null,"EventID":1102,"EventRecordID":42803,"Execution_attributes":{"ProcessID":1228,"ThreadID":6280},"Keywords":"0x4020000000000000","Level":4,"Opcode":0,"Provider_attributes":{"Guid":"{fc65ddd8-d6ef-4962-83d5-6e5cfe9ce148}","Name":"Microsoft-Windows-Eventlog"},"Security":null,"Task":104,"TimeCreated_attributes":{"SystemTime":"2019-04-30T19:27:00.297450Z"},"Version":0},"UserData":{"LogFileCleared":{"SubjectDomainName":"DESKTOP-JR78RLP","SubjectLogonId":"0x30550","SubjectUserName":"jwrig","SubjectUserSid":"S-1-5-21-979008924-657238111-836329461-1002"},"LogFileCleared_attributes":{"xmlns":"http://manifests.microsoft.com/win/2004/08/windows/eventlog"}}}
